status: in-progress
started: 2026-03-30-021109

## Uploads This Session
- v509 = TV145 (aggressive 4a, step 50)
- v510 = TV147 (ultra-aggressive 4a, step 1) ← best 4a
- v511 = TV151 (TV147 + balanced-aggressive 6a) ← expected overall best
- v512 = TV152 (TV151 + adaptive 2a for bad partners)

## Tournament Results (v510 complete)
v510 (TV147) vs opponents:
- vs v49: 4a×4a=13.02, 2a=14.14
- vs v50: 4a×4a=14.59, 2a=8.59, 6a=16.00
- vs v51: 4a×4a=14.59, 2a=14.32, 6a=16.00
- vs v53: 4a×4a=13.20, 2a=13.60, 6a=16.00
- Average: ~14.0

v511/v512 in qualifying.

## Self-Play Results (1000 steps)
| Variant | 2a | 4a | 6a |
|---------|-----|-----|-----|
| TV147   | 0.27 | 0.68 | 0.00* |
| TV151   | 0.27 | 0.68 | 1.09 |
| TV152   | 0.13 | 0.58 | 1.05 |
*bad seed

## Key Insights
1. Removing economy gates = best 4a improvement (v505=18.22)
2. TV147 ultra-aggressive 4a (step 1) is consistently best
3. TV151 balanced-aggressive 6a (4 aligners) beats gradual ramp by 32%
4. TV152 adaptive 2a hurts in self-play — can't validate locally
5. Patrol defense (TV149) is counterproductive
6. Carbon-priority mining (TV146) backfires

## Rejected Variants
- TV146: carbon-priority mining (over-mines carbon)
- TV148: hub-proximity targeting (no improvement)
- TV149: patrol defense (0.88 vs TV147's 1.37)
- TV150: ultra-aggressive 6a / 5 aligners (economy starved, 1.73 vs TV151's 2.01)
