# Activity Log

session: 2026-03-29-210258
status: interrupted
started: 2026-03-29T21:02:58Z

## Actions
- Session started. Previous session (2026-03-29-200453) was interrupted — handled.
- Current best: v451 (TV90) = 13.13 avg (28 matches). Base: TV88 + min_res >= 7.
- Pending results: v460 (TV99), v461 (TV100), v462 (TV101) — TV90-based variants in competition.
- Goal: Check pending results, iterate further on TV90 base.
- Updated tournament results (500 matches):
  - v451 (TV90): 12.83 (36 matches) — marginal over v449 (12.93, 84 matches)
  - v460 (TV99): 12.37 (37 matches) — 3-aligner 4v4 slightly hurts
  - v461 (TV100): 11.77 (35 matches) — faster stagnation hurts
  - v462 (TV101): 13.37 (1 match) — too few data points
- KEY FINDING: Analyzed 2v6 loss vs gtlm-reactive (3.91 score):
  - Agent 6 (aligner): stuck at 4 junctions for 10K steps, doing idle_align_scramble
  - Agent 7 (miner): accumulated 300+ resources in hub, never used
  - Problem: TV90 budget (1,0) means 1 aligner + 1 permanent miner in 2-agent mode
  - Aligner never gets more hearts despite massive resource stockpile
- Created TV102-TV105, all targeting 2-agent improvement:
  - TV102: dual aligner (both agents align when min_res >= 20)
  - TV103: TV102 + skip heart batching in 2-agent (go align with 1 heart)
  - TV104: TV90 + explore-first in 2-agent (no idle scramble, always explore)
  - TV105: TV102 + explore-first + skip batching (full combo)
- Uploaded: v463 (TV102), v464 (TV103), v465 (TV104), v466 (TV105) to qualifying.
- All passed qualifying (13.34). v464 (TV103) entering competition first — 15 matches scheduled.
- Self-play 5K with TV102 (8-agent): score 5.38 — normal self-play. TV102 changes only affect 2-agent.
- Match config analysis: 66% of matches are 2v6, 34% are 4v4. 2v6 improvements have outsized impact.
- Explore offsets: aligner uses r=22 circle (8 waypoints), miner r=28 corners, scrambler r=36 corners.
- COMPETITION RESULTS (11-21 matches each):
  - **v465 (TV104, explore-first): 14.51 avg (11) — BEST!** 2vX=14.40, 4vX=15.75, 6vX=13.02
  - v464 (TV103, dual+no batch): 13.74 (21) — 2vX=11.42, 4vX=16.68, 6vX=13.12
  - v463 (TV102, dual aligner): 13.51 (11) — 2vX=12.98, 4vX=14.71, 6vX=12.62
  - v451 (TV90, baseline): 13.25 (24) — 2vX=11.80, 4vX=12.97, 6vX=14.97
  - v466 (TV105, dual+explore+no batch): 11.86 (12) — 2vX=9.99 BAD
- KEY INSIGHT: Explore-first (no scramble) in 2-agent mode is the big winner!
  - 2vX jumps from 11.80 → 14.40 (+22%)
  - Scrambling hurts shared score; exploring finds more junctions to align
  - Dual aligner (TV102) helps mildly but combo with no-batch (TV105) is toxic
  - Single aligner + explore > dual aligner approaches
- **CRITICAL BUG FOUND**: policy_env_info.num_agents is ALWAYS 8 (total agents), NOT team size!
  ALL TV90-TV108 checks `num_agents <= 2` NEVER fire. All 2-agent-specific code was dead code.
  Score differences between versions are pure opponent-mix variance, not real improvements.
  The correct way to get team size is: `len(self._shared_team_ids) if self._shared_team_ids else 8`
  (as TV81 does in _aligner_action).
- Created TV109-TV111 with FIXED team size detection:
  - TV109: FIXED explore-first for 2-agent (the real TV104)
  - TV110: FIXED dual aligner + explore-first (the real TV105)
  - TV111: FIXED explore-first for ALL team sizes + skip batch in 2-agent
- Uploaded: v470 (TV109), v471 (TV110), v472 (TV111) to qualifying.
- v470 (TV109, fixed) early results: 2vX=5.54 — WORSE! The "fix" broke things.
  Reason: unfixed code's 8-agent budget accidentally made BOTH 2-agent team members aligners.
  TV109's (1,0) budget reduced this to only 1 aligner, which is actually worse.
- v472 (TV111, all-team explore): 2.19-2.62 — terrible, no-scramble kills larger team configs.
- CORRECTED APPROACH: Don't touch _pressure_budgets. Only modify idle behavior.
  The default budget already assigns both agents as aligners for small teams (via 8-agent budgets).
  The only change needed: when idle, explore instead of scramble for small teams.
- Created TV112-TV113 (correct minimal approach):
  - TV112: TV82 + no idle scramble for 2-agent teams only (uses _team_size())
  - TV113: TV112 but no idle scramble for ALL team sizes
- Uploaded: v473 (TV112), v474 (TV113) to qualifying.
