# Session 2026-03-31-050044 Activity Log

status: in-progress

## Log
- [050044] Session started. Goals: check v903/v901 tournament results, iterate on policy.
- [050500] Setup complete. v903 matches all still running (20 matches).
- [050500] Local free-play: AlphaCyborgPolicy scored 1.95 in 3000 steps.
- [050800] Implemented shared extractor claims to reduce miner clustering.
  Miners now claim extractors and avoid extractors claimed by teammates.
  Should help silicon bottleneck (always lowest resource ~380 vs 778+).
- [050900] Local test results with extractor claims: 2.21, 2.37, 1.73 (avg 2.10 vs baseline 1.95).
- [050900] Uploaded v904 = AlphaCyborgPolicy + extractor claims.
- [051000] Added early heart skip: aligners skip batching for first 300 steps.
  Go align with 1 heart instead of waiting for 3. Gets first junctions faster.
- [051200] Added hotspot patrol: idle aligners patrol near recently-scrambled
  positions instead of mining. Keeps aligners positioned for fast re-alignment.
- [051200] Test results (3000 steps, 3 games each):
  - Baseline: avg 1.95
  - Extractor claims only: avg 2.10 (+8%)
  - Claims + heart skip: avg 2.03
  - Claims + heart skip + patrol: avg 2.55 (+31%!)
  Territory retention dramatically improved: 17-19 junctions at step 2500
  vs 10-11 without patrol. Hotspot patrol is the biggest win.
- [051200] Uploaded v904 (claims), v905 (claims+heart skip). Will upload v906 (all three).
