# Session 2026-03-29-111020
Status: in-progress

## Context
Previous session (100801) interrupted mid-TV13 design.
Current best: v368 (TV12) at 8.69, #1 on leaderboard.
Goal: score > 10 in tournament.

## CRITICAL BUG FIX: Early-game wipeout
All agents died at step ~50 due to hub_camp_heal/survival_hold code
that assumed territory healing works while doing noop. Fix: removed
early-game holding, agents start moving immediately.

## Self-play Results (10K steps, fixed TV12)
- Seed 0: 8.93
- Seed 1: 13.76
- Seed 2: 7.99
- **Average: 10.23** (above >10 goal in self-play!)

Starter policy scores 0.00 on all seeds at 5K (baseline).
Key finding: silicon is always the bottleneck resource.

## Tournament Uploads
- **v382**: TV12 + early-game fix
- **v383**: TV20 (TV12 + full-map explore + silicon priority)

## TV20 Design
Based on TV12 (stagnation detection) with improvements:
1. Full-map waypoints (TV15) for stagnation explore (radius 38 vs 35)
2. Skip scrambling during stagnation (save hearts for new alignments)
3. Silicon priority mining when genuinely bottleneck
4. Idle step tracking as secondary stagnation trigger

## Tournament Status
All matches still running/scheduled. New opponents: v49, v50, v58, v11.
TV20 local tests running...
