# Session 2026-03-28-121219 Activity Log
status: in-progress

## Plan
1. Understand tournament scoring vs local scoring gap
2. Make v65-beating policy for tournament
3. Upload and iterate based on tournament results

## Activity
- [12:12] Session started.
- [12:20] Baseline 5k test: avg=3.70
- [12:28] BUG: hotspot_weight=8 without count flip.
- [12:30] Fixes: hotspot flip, idle-mine, late scrambler, lower deposit.
- [12:50] KEY FIX: idle aligners mine → +89% improvement locally
- [12:55] v196/v197 uploaded with all fixes.
- [13:00] 10k results with fixes: avg 5-9 locally, high variance.
- [13:10] **LEADERBOARD — v65 still #1 at 3.59 (516 matches)**
  - All "improvements" (v193=2.41, v197=2.21) score WORSE than v65
  - slanky: 2.57 (#24), Paz-Bot: 2.53 (#28)
  - Local self-play avg=5-9 but tournament avg=2-3
- [13:12] Strategy pivot: local gains don't translate to tournament.
- [13:15] Uploaded v200 (V65TrueReplica) to match v65's proven approach.
- [13:15] Need to understand: what makes v65 work in tournament that newer versions don't?
