status: in-progress
started: 2026-03-31T00:20:58Z

## Activity Log
- Session started. Previous session (2026-03-30-231649) was interrupted — recovered.
- Context: v716=15.05 (historical #1), goal >10 achieved. Recent uploads v855-v869 in competition.
- Todos: check v869 (TV474) results, study modular-lstm, 2-agent optimization, RL training.
- v870 (TV475) and v871 (TV476) now in competition, many matches running.
- Analyzed v869 2v6 loss vs modular-lstm (1.01): budget dropped to (1,0) at step 200, agent 1 became permanent miner, 0 friendly junctions from step 1200 onwards.
- Key insight: for 2 agents, budget (1,0) is a death trap. Both agents should always be aligners. When hearts=0, aligners mine anyway. When resources recover, both resume aligning immediately.
- Created TV477: always (2,0) for 2 agents + TV473 lower thresholds for 4v4 + TV350 sacred base for 5+.
- Created TV478: TV477 + faster stagnation detection for 2 agents (peak=2/150steps/step200 vs 3/200/300) + lower scramble threshold (min_res=3 vs 7).
- Both pass local testing (100 steps, no crash). Uploading to qualifying.
- Uploaded v872 (TV477), v873 (TV478) to qualifying. v874 (TV350 re-upload) also uploaded for comparison.
- v870 (TV475 capture scramble) UNDERPERFORMS in 6v2: 5.87 vs slanky, 6.09 vs modular-lstm (should be 14+).
  Capture-optimized scramble HURTS 6v2. Don't use TV475 approach.
- v871 (TV476 reactive budget) is better: 14.41 6v2 vs mammet, 10.56 4v4 vs gtlm.
- Competition avg across v870/v871 ~14 matches: ~7.5. Need to improve 2v6 and 4v4 scores.
- v872/v873/v874 qualifying matches running.
- Created TV479 (instant 2-aligner for 4v4, no warmup) and TV480 (reactive 4v4 budget with junction differential).
- Uploaded v875 (TV479) and v876 (TV480) to qualifying.
- Summary of variants in qualifying: v872=TV477 (always-2a+faster4v4), v873=TV478 (faster stagnation),
  v874=TV350 (baseline), v875=TV479 (instant 4v4), v876=TV480 (reactive 4v4).
- v872 qualifying: 10.41, 15.48 (avg 12.95). v873 qualifying: 13.67, 15.68 (avg 14.68). Both IN COMPETITION.
- v872/v873 competition matches all running (20+ matches). Waiting for results.
- 4v4 analysis (v870 vs gtlm, 7.21): Territory built to 10 by step 1000, then collapsed to 3 vs 14 by step 2000.
  Stagnation scramble maintained 3 junctions for 3000 more steps but couldn't recover. Structural issue.
- v874 (TV350 baseline) in competition: many matches running.
- v872/v873 competition still running (matches take ~10-15 min).
- Created TV479 (instant 2-aligner for 4v4) → v875, TV480 (reactive 4v4 budget) → v876.
- Studied aligner_target_score: distance + expansion - network_penalty - hotspot_penalty.
  For 2 agents, may want higher network_weight (prefer hub-adjacent) and positive hotspot (avoid contested).
- **v873 (TV478) BREAKTHROUGH: avg 10.13 across 11 matches!**
  - 2v6 scores: 9.15, 8.19, 11.72, 11.45 (massive improvement from 1-3 range!)
  - 4v4 vs modular-lstm: 10.09 (great!)
  - 6v2: 12.70, 12.84, 7.05
  - Key: faster stagnation detection (peak=2, 150 steps, min_step 200) + lower scramble threshold (min_res=3)
- v872 (TV477) avg 10.01. 2v6 vs modular-lstm = 0.31 (terrible!). "Always 2 aligners" HURT without faster stagnation.
  But 6v2 vs mammet = 16.92 and 4v4 vs gtlm = 12.80 (good). The 0.31 and 3.88 pull average down.
- **Key insight**: TV350 budget (1,0 when low resources) is BETTER than always (2,0) for 2 agents.
  The dedicated miner keeps economy running. But faster stagnation with lower scramble threshold is the real win.
- Created TV481: TV350 budget (sacred) + TV478's faster stagnation for 2 agents. Best of both worlds.
  Uploaded as v877.
- v874 (TV350) completed results: 6v2 Paz-Bot=16.05/13.60, 6v2 modular-lstm=2.82(!), 4v4 gtlm=9.31,
  4v4 modular-lstm=3.81, 2v6 modular-lstm=2.01, 2v6 mammet=9.54. Avg ~8.16.
- v875 (TV479) avg ~4.93. v876 (TV480) avg ~4.12. Both bad — "always 2 aligners" without faster stagnation HURTS.
- **Confirmed: faster stagnation is the key breakthrough.** v873 (TV478) with both changes = 10.13 avg.
  Without faster stagnation, TV477 variants (v872/v875/v876) all underperform in 2v6.
- v877 (TV481 = TV350 budget + faster stagnation) qualifying running. Expected to be best variant.
- v874 (TV350) full results: avg 7.06 across 13 matches. v873 (TV478) definitively better at 10.13.
- v875/v876: avg 4-5, poor across all matchup types. "Always 2 aligners" harmful without faster stagnation.
- v877 first qualifying: 10.41. Second still running.
