status: in-progress
session_start: 2026-03-30T10:08:11Z

## Analysis Phase
- Reviewed TV208 inheritance chain and policy structure
- TV208 = TV206 (3-tier stagnation) + TV207 (6a thresholds 22/35/70)
- Only overrides _pressure_budgets for 5+ agent teams
- Ran local 500-step game: silicon bottleneck (77 vs 189+ others at step 500)
- Mining logic already dynamically prioritizes lowest resource
- Many matches running/scheduled (v561-v577), none completed yet
- Investigating potential improvements to break ~15 ceiling

## New Variants Created
- TV228: Earlier 6a 3rd aligner (step 15 instead of 30 when min_res >= 20)
- TV229: Wider stagnation explore offsets (distance 32 vs 22) to cover map corners
- TV230: Reduced idle mining threshold (min_res < 15 instead of < 30)
- All validated locally (100-step test runs)

## Uploads
- v585 = TV228 (earlier 6a 3rd aligner, step 15 when min_res >= 20)
- v586 = TV229 (wider stag explore, offsets at distance 32)
- v587 = TV230 (reduced idle mining, min_res < 15 instead of < 30)
- v588 = TV231 (30% stag scramble instead of 50%)
- v590 = TV232 (TV228 + TV230 combined)
- All validated locally before upload
- Key insight: cooperative scoring means both teams always get same score
- Previous network-aware scramble HURT because it overrode distance

## TV233: Decaying peak junction count
- v591 = TV233: peak decays by 1 every 500 stagnation steps
- Addresses: once peak is set high and we lose junctions, stagnation never exits
- In self-play, team with 0 junctions stays permanently in stag scramble
- Decaying peak allows fresh expansion cycles when situation changes
- Local V228 vs V208 comparison: V228 had 15 junctions at step 500 vs V208's 9 (promising)
