# Session 2026-03-29-051207
Status: in-progress

## Context
- v348 was #1 with 7.53. Goal: >10.
- TournamentV2 base: AdaptiveV3 + team cap + idle scramble.

## Tournament Leaderboard (78 matches)
| Policy | Score |
|--------|-------|
| v351 (TV3) | 7.51 |
| v348 (TV2) | 7.50 |
| v352 (TV4) | 7.50 |
| v290 (Aggressive) | 6.50 |

## Experiments Run
| Policy | 4a self-play | 10k self-play | Key Finding |
|--------|-------------|---------------|-------------|
| TV2 (baseline) | 3.85 | 4.43 | Best overall |
| ExplorerV2 | 0.99 | — | Exploration hurts throughput |
| Capture | 3.85 | — | Same as TV2 in self-play |
| CapturePlus | 2.12 | — | Faster hearts hurts |
| TV5 | 3.26 | — | Fast ramp crashes economy |
| Patrol | 3.58 | — | Passive defense fails |
| MaxPressure4a | 1.44 | 3.07 | 0-miner phase starves economy |

## Multi-Seed Self-Play (TV2, 4a, 5000 steps)
- Seed 1: 4.33, Seed 2: 1.28, Seed 3: 2.16, Seed 4: 1.99, Seed 5: 2.32
- Map variance is HUGE — dominant factor in score

## Key Insights
1. TV2's balance is hard to beat — deviating in ANY direction hurts self-play
2. All top3 (v348,v351,v352) converge to ~7.5 in tournament
3. 72% of aligner time is idle-scrambling (frontier=0)
4. Junction discovery limited to ~14/65 per team
5. Capture targeting makes no difference in self-play (symmetric)
6. Tournament ceiling may be ~7.5 with current architecture

## Uploads This Session
- v353: Capture (pure heuristic)
- v354: TV2 (pure heuristic)
- v355: TV5 (capture + fast ramp + lower scramble)
- v356: MaxPressure4a
