# Activity Log

session: 2026-03-29-190418
status: in-progress
started: 2026-03-29T19:04:18Z

## Actions
- Session started. Recovered crashed session 2026-03-29-181500.
- Previous session found v442 (TV81) at 13.52 avg — new leader over TV61 (12.83).
- Checking latest tournament results and continuing iteration.
- All matches running/scheduled — new round with v49/v50 as baselines.
- Created TV82: TV81 + chain-value alignment targeting (TV76)
- Created TV83: TV81 + coordinated scramble via shared_claims (no duplicate targets)
- Created TV84: TV82 + TV83 combined (all improvements)
- All three pass 100-step local tests.
- Uploaded: v443 (TV82), v444 (TV83), v445 (TV84) to qualifying pool.
- Running self-play comparisons while waiting for qualifying results.
- Self-play TV81 5K: 0.00 score — all agents die early (known wipeout issue, only in self-play).
- Self-play is unreliable predictor — tournament is the real signal.
- Created TV85: TV84 + chain-value expand-toward (smart expansion to highest-value unreachable junctions).
- Uploaded v446 (TV85) to qualifying.
- Waiting for v443-v446 qualifying results and v442 competition updates.
