# Activity Log: 2026-03-28-021003

status: in-progress

## Session Start
- Previous session (010522) crashed — had v123 baseline avg 4.72, best 10.20
- Leaderboard: v65 is #1 at 2.99, v110 is #9 at 2.53
- Tournament scores much lower than local (variable team sizes, different opponents)
- Key insight: v65-era had higher tournament scores — need to investigate why
- Plan: check tournament results, understand gap between local and tournament, iterate

## Baseline Tests (v130)
- 8-cog 10k (seeds 0-7): 4.88, 3.13, 1.26, 2.46, 0.00, 5.36, 3.90, 2.78 → avg 2.97
- 4-cog 10k (seeds 0-4): 2.00, 3.78, 1.28, 0.61, 2.95 → avg 2.12
- Seed 4 (8-cog) was total wipeout: all agents died, hp.gained=0, no territory healing
- Tournament matches running (v119-v121 vs v35-v44), no completed results yet
- v130 may have regressed from v123 (was 4.72 avg), but high variance makes comparison hard

## v131 Changes
- Reverted max_pressure to num_agents-1 for 5+ agents (v130 used n-2, unnecessarily restrictive)
- Improved early survival: rush to hub if HP < 40 in first 150 steps
- Better wipeout recovery: hold near hub instead of wandering
- Seeds 4 and 9 are inherently broken maps (starter policy also scores 0.00)
- v131 8-cog (non-wipeout seeds 0-3,5-8): avg 4.61 (up from 3.40 in v130)
- v131 4-cog: avg ~1.5-2.0 (similar to v130)
- Scramblers essential even for 4-cog (removing them causes wipeouts)
- Uploading to tournament
