status: interrupted

## Session start analysis
- Ran self-play tests: 5 seeds avg ~3.65, variance 0-7.64
- Seed 5 best: 7.64. Seed 2: 4.23, Seed 3: 3.63, Seed 4: 2.74
- Score 4.76 on seed 1 detailed run (158 aligned, 99 lost)
- Tournament all running/scheduled (v145-v164), no results yet
- Key finding: hotspot penalty DISCOURAGES re-aligning scrambled junctions — should be reversed
- Planning: re-alignment boost, faster ramp, cluster targeting

## Experiment: RealignBoost and MaxAlign
- Created AlphaRealignBoostPolicy: hotspot penalty → bonus, faster ramp, team-aware
- Created AlphaMaxAlignPolicy: 6 aligners, 0 scramblers
- MaxAlign TERRIBLE: avg 1.70 (economy collapse with only 2 miners)
- RealignBoost comparable: avg 3.54 (some seeds better, some worse)
- Seed 5 RealignBoost=8.51 vs baseline=7.64 (improvement)
- Some seeds score 0.00 — need to investigate
- Tournament matches still running, no results yet

## Bug fix: hotspot_weight was 0.0
- CRITICAL: RealignBoost's negative hotspot count was multiplied by 0 (hotspot_weight=0.0 inherited from V65Replica)
- Fixed: set hotspot_weight=8.0 in __init__, so negative count creates -24 bonus
- Also fixed MaxAlign with same issue
- Early rush experiment: reverted — made things worse (seed 5: 8.51→1.24)
- Running 20-seed comparison tests: baseline vs fixed RealignBoost

## Test Results Summary (in-progress)
Baseline (20 seeds): avg 3.38 (range 0.00-8.28)
Fixed RealignBoost (5 seeds): avg 4.28 (range 1.23-6.97) — BEST SO FAR
Old RealignBoost (bug: hotspot_weight=0): avg ~3.28 (no effect, as expected)
V65 True Replica (4 seeds): avg 2.48
V65 Realign (3 seeds): avg 2.99
Tournament: all running/scheduled, no results yet
Uploads: v166=old RealignBoost, v167=MaxAlign, v169=fixed RealignBoost, v170=V65Realign

## Final Test Summary (5K self-play)
| Policy               | Seeds | Avg Score |
|----------------------|-------|-----------|
| Fixed RealignBoost   | 7     | **4.65**  |
| Baseline (Cyborg)    | 20    | 3.38      |
| V65 True Replica     | 7     | 3.38      |
| Old RealignBoost     | 17    | 3.24      |
| V65 Realign          | 6     | 2.20      |

- Fixed RealignBoost = +37.5% vs baseline
- V65 variants worse than baseline  
- 10K baseline seed 5 = 9.65 (close to >10 target!)
- Expansion weight 15 worse than 10
- Network weight 0.2 test running
- Uploads: v169=Fixed RealignBoost (BEST), v170=V65Realign

## BREAKTHROUGH: Score 11.18 on seed 5 (5K)!
- Fixed RealignBoost scored 11.18 on seed 5 at 5K steps — ABOVE TARGET!
- Same policy scored 6.97 and 8.51 on earlier runs of same seed
- Non-determinism means large variance per run
- Key question: can this translate to consistent tournament performance?
- Experiments that FAILED: expansion_weight=15, network_weight=0.2, retreat_margin=10
- Experiments that HELPED: hotspot_weight=8.0 + negative counts (re-alignment boost)
- Running more verification seeds and 10K tests
- Uploads: v169, v173, v175 (RealignBoost variants)
