status: in-progress
started: 2026-03-31T01:15:29Z

## Activity Log
- Session started. Previous session (2026-03-31-002058) was interrupted — recovered.
- Context: v716=15.05 (historical #1), v873=10.13 (best recent), v877=11.07 qualifying (competition pending).
- Key breakthroughs from last session: faster stagnation detection is the key improvement.
- Todos: check v877 competition results, study modular-lstm, 2-agent optimization.
- v877 competition results (11 completed): avg 9.16. Scores: coglet 6.82/5.47/10.34, slanky 8.69/13.83, Paz-Bot 12.90/12.09, modular-lstm 10.27 (+2 failed), random-assigner 6.76/10.65, mammet 2.97. Below v873's 10.13.
- Analyzed v877 2v6 loss vs mammet (2.97): germanium bottleneck (hub ger=1) blocks scrambling (min_res>=3 check). Agent stuck in stag_find_junction with 0 friendly junctions from step 1700 to 4000. Miner ineffective.
- Root cause: min_res>=3 scramble threshold blocks scramble when germanium=1. Also, (1,0) budget means only 1 agent can scramble.
- Created TV482: desperate mode for 2 agents when 0 friendly junctions. Forces (2,0) budget, removes min_res check, removes time window for scramble. 5+ agents unchanged.
- Uploaded v878 (TV482) to qualifying.
- Uploaded v879 (TV483: TV478 base + desperate mode) to qualifying — better base than TV482.
- Analyzed v877 6v2 loss vs swoopy (7.78): silicon bottleneck (si=4) → budget (1,0) for 6 agents → only 1 aligner.
  Even with 6 agents, having only 1 aligner against 2 enemy agents means territory collapse.
  TV350 budget too aggressively drops to 1 aligner when min_res < 10.
- Created TV484: TV483 + minimum 2 aligners for 5+ agents. Never drop to 1 aligner for 5+ team.
  Budget floor: (2,0) instead of (1,0) when min_res < 10 and can't refill hearts.
- Uploaded v880 (TV484) to qualifying.
- v878 (TV482) qualifying: 11.72, 10.41 (avg 11.07). IN COMPETITION with 20+ matches running.
- v879 (TV483) qualifying: 13.67 (1 completed, 1 running).
- v880 (TV484) qualifying: still running.
- v877 updated results (16 completed): avg ~9.36. New: swoopy 2v6=9.84, swoopy 4v4=13.73. Swoopy 6v2=7.78,11.54.
- Analyzed v877 6v2 vs swoopy (7.78): silicon bottleneck at step 2000 → budget (1,0) with 6 agents → only 1 aligner. Same structural issue as 2v6 collapse — economy panic overrides territory needs.
- Waiting for v878/v879/v880 competition results to compare.
