# Activity Log

session: 2026-03-29-220607
status: in-progress
started: 2026-03-29T22:06:07Z

## Actions
- Session started. Previous session (2026-03-29-210258) was interrupted — handled.
- Context: v470 (TV109), v471 (TV110), v472 (TV111) uploaded with FIXED team size detection. Results pending.
- Best known: v449 (TV88) = 12.93 avg (84 matches), v442 (TV81) = 13.52 peak.
- Critical bug found last session: num_agents was always 8, 2-agent code was dead. Now fixed.
- Goal: Check v470-v472 results, iterate on fixed 2-agent strategy.
- Continuing from interrupted session: v470-472 already in tournament.
- v470 (TV109, fixed explore-first): 2vX=5.36 (15 matches) — WORSE! The budget fix (1,0) broke things.
  The default 8-agent budget accidentally gave both 2-agent members aligner role.
  "Fixing" to (1,0) actually reduces alignment capacity.
- v472 (TV111, all-team explore): 2.62 avg — terrible. No scramble kills larger teams.
- CORRECTED APPROACH: Created TV112-TV113 — keep default budgets, only change idle behavior:
  - v473 (TV112): no idle scramble for 2-agent teams only
  - v474 (TV113): no idle scramble for ALL team sizes
- All unfixed TV90-TV108 versions are equivalent to TV82 (dead 2-agent code).
- v474 (TV113) passed qualifying, v473 (TV112) just entered competition.
- v470 (TV109) confirmed terrible: 2vX=5.36 (15 matches). Budget fix was the problem.
- Overall leaderboard: v451 = 13.31 (#1, 27 matches). External best: slanky at 10.43.
- Goal >10 already achieved. Pushing for higher ceiling.
- v473/v474 now running in competition (21-24 matches each).
- Created TV114-TV116 (new variants):
  - TV114: TV112 + defensive re-alignment (stop scramble when losing >20% territory)
  - TV115: TV112 + delayed heart batching (skip until step 500, more early alignment)
  - TV116: TV113 (no scramble) + delayed batching combo
- Self-play TV109 8-agent: ~4.2 score (expected mirror). Late-game retreat overhead high.
- Uploaded: v475 (TV114), v476 (TV115), v477 (TV116) to qualifying.
- All v475-477 passed qualifying, entered competition.
- v473 (TV112) in competition against Paz-Bot, gtlm-reactive, older alphas.
- v474 (TV113) in competition against gtlm-reactive, older alphas.
- TV112 self-play 5K = 4.87 (vs TV109 = 4.47). TV112 better due to default budgets.
- TV114 quick test: runs correctly, 100 steps = 0.01 (normal for short test).
- Waiting for competition results to complete (~5-10 min per match).
