# Session 2026-03-28-100301 Activity Log
status: interrupted

## Plan
1. Check v179/v180/v181 tournament results (critical role fix)
2. Analyze results and identify improvement areas
3. Free-play iterate on policy improvements
4. Upload improved versions to tournament

## Activity
- [10:03] Session started. Priority: check role fix tournament results.
- [10:07] Tournament matches v182-185 all running/scheduled. One completed: v184 vs slanky 1.51-1.51 (4v4 tie).
- [10:10] Ran self-play 5k steps: score 2.98. 199 aligned, 109 lost. 4a+1s+3m.
- [10:12] Added COG logging to AlphaCogAgentPolicy. Found CRITICAL BUG: agent 1 stuck for ENTIRE game at wrong position searching for aligner station.
- [10:20] **CRITICAL FIX**: `_acquire_role_gear` passed spawn-relative station targets as absolute positions. Agent sent to (-3,6) instead of (hub.x-3, hub.y+6). Fixed by adding hub offset. This bug wasted 12.5% of team capacity every game.
- [10:30] 5-seed test with station fix: 5.00, 1.73, 0.00, 3.70, 6.56 → avg 3.40 (4.25 excl wipe)
- [10:40] v65 hub_penalty targeting test: 3.43, 0.94, 2.84, 4.87, 6.39 → avg 3.69 — WORSE than base targeting. Reverted.
- [10:42] Uploaded v186 (station fix). Now testing 5-aligner variant (5a+1s+2m instead of 4a+1s+3m).
- [10:42] Seed 2 analysis: aligners retreat frequently with low HP. Map layout drives high variance.
- [10:42] Seed 5 analysis: aligners stay at hp=100, 11-16 friendly junctions by step 500.
- [10:55] 5-aligner results: 5.51, 2.13, 1.93, 4.35, 6.18 → avg 4.02 (vs 3.40 baseline). IMPROVEMENT!
- [10:58] 6-aligner results: 1.56, 1.49, 3.07, 1.87, 0.00 → avg 1.60. Economy collapses with only 2 miners.
- [11:00] Uploaded v189 (5a+1s+2m with station fix).
- [11:05] Detailed analysis: aligners only align 45% of time. Main sinks: acquire_heart (20%), find_neutral_junction (20%). Network saturates at ~20 junctions (of 65).
- [11:10] Testing "expand toward junction" — when frontier=0, walk toward nearest unreachable neutral junction instead of random exploration.
