# Activity Log: 2026-03-27-171030

status: in-progress

## Session Start
- Previous sessions: v57-v67, patrol 60%+ bottleneck, best seed 5.73, avg ~2.63
- Tournament best: v38 at #4 (1.76)
- Goal: achieve score > 10
- Key insights:
  - Ships static at corners, expand via junction chaining
  - Score degrades in 2nd half (ships dominate by step 5000+)
  - Patrol eats 60%+ aligner time
  - Emergency mining wastes ~50% aligner time
  - v67 added adaptive scrambler
- Strategy: read current code state, understand v67 changes, test and iterate

## v68 10k Test Results (6 seeds)
| Seed | Score | Junctions | Deaths | Alignments |
|------|-------|-----------|--------|------------|
| 42   | 2.42  | 47        | 1      | 161        |
| 123  | 1.75  | 50        | 6      | 93         |
| 456  | 3.66  | 65        | 6      | 209        |
| 1337 | 0.00  | 69        | 8      | 0          |
| 4011 | 1.10  | ?         | ?      | ?          |
| 999  | 1.94  | ?         | ?      | ?          |
**Avg: ~1.81**

Key issues remaining:
- 0.00 wipeout on seed=1337 (69 junctions, all agents die)
- Scrambler helps ship-dominated maps but costs aligner capacity
- Need smarter retreat OR smarter target selection for spread-out maps

## v69: 6 aligners, no scrambler, no aligner emergency mining
FAILED — only 2 miners can't sustain 6 aligners' heart demand
5k Results: 42→2.07, 123→0.98, 456→1.89 → Avg 1.65 (WORSE)

## v70: 5 pressure (4 aligners + 1 scrambler), no aligner emergency mining
Key changes:
- Aligners NEVER do emergency mining (only scramblers)
- Emergency threshold lowered from 3 to 1
- Patrol only friendly junctions within 20 tiles (was all within 25)
- Economy reduction only at min_res < 1 (was < 3)
- Heart batch 5 (was 4)

5k Results: 42→2.16, 123→4.08, 456→6.55 → **Avg 4.26** (BEST EVER!)
- Zero emergency mining events
- Patrol ~20% of aligner time (was 60%+)
- 88 scrambles by scrambler in 456 seed
- 141 alignments gained, 88 lost in best run

10k tests running...
