2026-03-29T15:04:52+00:00 | status: in-progress | session start
2026-03-29T15:11:23+00:00 | created TV47 (earlier stagnation), TV48 (70% scramble), TV49 (100% scramble)
2026-03-29T15:14:10+00:00 | self-play 5K results: TV25=2.98, TV47=4.99, TV48=6.60 (+121%), TV49=4.34. TV48 (70% scramble) is strong. Added TV50 (lower scramble threshold).
2026-03-29T15:16:04+00:00 | uploaded v408=TV48, v409=TV47, v410=TV50, v411=TV49 to tournament qualifying
2026-03-29T15:17:58+00:00 | TV48 (70% scramble) shows 14 friendly junctions at step 5000 vs TV25's 8. Economy 10x healthier. Created TV51 (TV48+TV47 combo). Running tests.
2026-03-29T15:20:02+00:00 | TV51=7.43 best self-play! Uploaded as v412. Running consistency checks. Results: TV25=2.98, TV47=4.99, TV48=6.60, TV49=4.34, TV50=4.84, TV51=7.43
2026-03-29T15:24:35+00:00 | tournament early: v406=13.52 (1 match!), v405=10.18. TV52 self-play 0.00 (wipeout). TV51 avg ~5.66 (excl wipeout). v412=TV51 in qualifying.
2026-03-29T15:28:45+00:00 | TOURNAMENT EARLY RESULTS (3 matches each):
  v406 (TV46) avg=12.59: 13.52, 13.09, 11.16 — POTENTIAL NEW #1
  v407 (TV25 reupload) avg=12.10: 12.29, 11.16, 12.86 — consistent
  v403 avg=7.68, v405 avg=7.65
  TV52 self-play=3.34 — dedicated scrambler hurts (loses an aligner)
  Uploaded v408=TV48, v409=TV47, v410=TV50, v411=TV49, v412=TV51, v413=TV52
2026-03-29T15:30:42+00:00 | created TV53 (TV46 hub penalty + TV48 70% scramble), uploaded as v414. TV52 self-play=3.34 — dedicated scrambler hurts.
2026-03-29T15:35:17+00:00 | created TV54 (TV46 targeting + TV51 stagnation), uploaded as v415. TV53 self-play=4.33.
2026-03-29T15:37:40+00:00 | TV54 self-play=1.41 — TV46 targeting hurts self-play (7 junctions at step 1000 vs 21). BUT: TV46 is 12.59 in tournament, confirming self-play != tournament.
2026-03-29T15:38:58+00:00 | **LEADERBOARD**: v408 (TV48, 70% scramble) = 12.39 (#1, 17 matches)!
  v388 (TV25) = 12.38 (#2, 99 matches)
  v407 (TV25 reupload) = 12.36 (#3, 99 matches)
  v410 (TV50) = 12.14 (#4, 13 matches)
  v406 (TV46) = 11.97 (#5, 99 matches)
  v409 (TV47) = 11.82 (#6, 16 matches)
  v412 (TV51) = 11.23 (#7, 17 matches)
  v411 (TV49) = 9.50 (#8, 14 matches)
  KEY: 70% scramble (TV48) = #1! Earlier stagnation alone (TV47) also good at #6.
2026-03-29T15:42:47+00:00 | leaderboard converging: v408 (TV48)=12.18 (#3, 25 matches). v388=12.38 still #1. v413 (TV52)=9.31, v411=9.06 — dedicated scrambler and 100% scramble both hurt.
2026-03-29T15:46:04+00:00 | v414 (TV53 = TV46+TV48) = 13.13 (#1, only 3 matches!) — VERY early but promising.
  v408=12.14 (#4, 29), v410=11.92 (#6, 28), v409=11.73 (#7, 29), v412=11.26 (#8, 30)
  v413 (TV52)=8.59 — dedicated scrambler confirmed bad
  v415 (TV54) not yet on leaderboard
2026-03-29T15:51:01+00:00 | v415 (TV54) debuted at 12.42 (#1, 2 matches — too early)
  **v414 (TV53) = 12.34 (#4, 36 matches)** — converging, close to v388's 12.38!
  v410=12.12, v408=12.01, v409=11.96, v412=11.30
  Pattern: all new variants 11-12, TV25 (v388) still the benchmark at 12.38
  TV53 (TV46 hub penalty + TV48 70% scramble) is the most promising new variant
2026-03-29T15:53:30+00:00 | **v414 (TV53) NOW #1 at 12.47 (39 matches)!** v410 = 12.42 (#2, 37 matches)!
  Both beating v388's 12.38 (99 matches)!
  v415 (TV54) dropped to 11.49 — earlier stagnation + TV46 targeting hurts
  TV53 = TV46 hub penalty + TV48 70% scramble = BEST COMBINATION
  TV50 = TV25 + lower scramble threshold (7 vs 14) = STRONG
2026-03-29T15:58:11+00:00 | **v410 (TV50) = 12.63 (#1, 42 matches)!** v414 (TV53) = 12.56 (#2, 44 matches)!
  Both CONSISTENTLY above v388's 12.38!
  Scores climbing — v410 was 12.12→12.42→12.48→12.63
  TV50 (lower scramble threshold 7 vs 14) is simplest winning change!
