status: in-progress

[11:10] Session start. Goal: iterate on TV235 (#1 at 14.90).
[11:12] Created TV239-TV242 (decaying peak variants on TV191 and TV235 bases).
  - TV239 (v598): TV191 + decaying peak (500 step interval)
  - TV240 (v599): TV235 + decaying peak (500 step interval)
  - TV241 (v600): TV235 + faster decay (300 step interval)
  - TV242 (v601): TV235 + 3-tier stag with team-size-specific decay
  All tested locally (100 steps), all uploaded to tournament.
[11:18] Created TV243-TV244 (behavioral variants on TV235 base).
  - TV243 (v602): TV235 + explore-only idle (no idle mining)
  - TV244 (v603): TV235 + adaptive scramble (more when behind in junctions)
  All tested locally, uploaded to tournament.
[11:19] Waiting for tournament matches to complete. All current matches still running.
[11:25] Created TV245-TV246 (dedicated scrambler variants).
  - TV245 (v604): TV235 + 1 dedicated scrambler for 6+ agent teams
  - TV246 (v605): TV240 (TV235+decay) + 1 dedicated scrambler
  Tested locally, uploaded to tournament.
[11:28] Created TV247-TV248 (team-size specific tweaks on TV240/TV235).
  - TV247 (v606): TV240 + faster 6a stag entry (4/250/400 vs 5/300/500)
  - TV248 (v607): TV235 + faster 4a expansion (min_res 12 vs 15)
  Tested locally, uploaded. v598/v600 now in competition pool.
[11:29] Local free-play TV240: 5.56 per cog (self-play, not meaningful for comparison).
  Late game stagnation evident — agents stuck with 0-2 friendly junctions vs 18-21 enemy.
