## Session 2026-03-29-170732
Status: in-progress

### Plan
- Check latest tournament results for v422 (TV61, 80% scramble) — was 12.98 at 3m
- Check v425 (TV64) and v426 (TV65) qualifying status
- Study what's working: low scramble threshold + high scramble % seems best
- Free-play to test new variants, then upload improvements

### Actions
- Previous session 2026-03-29-161650 was interrupted. Handled cleanup.
- Tournament matches all running/scheduled — big batch processing
- Created TV66 (TV61 + earlier dedicated scramblers), TV67 (TV64 always-scramble + lower HP threshold), TV68 (TV61 + defensive scramble priority)
- Running free-play validation tests (1000 steps each)
- Uploaded: v427=TV66 (earlier scramblers), v428=TV67 (lower HP threshold), v429=TV68 (defensive scramble)
- Free-play 1K steps: TV66=0.78 (only 3 friendly junctions — dedicated scramblers eat early hearts), TV67=1.12, TV68=1.23 (best)
- Created TV69 (ultra-aggressive scramble: no gates, 90% stag, min_res>=3) and TV70 (improved 2-agent: aligner at step 200)
- Uploaded: v430=TV69, v431=TV70
- Created TV71 (faster early alignment: 3 aligners at step 10) and TV72 (kitchen sink v2: TV69+TV70+TV71)
- Uploaded: v432=TV71, v433=TV72
- Tournament matches still running — big batch. No completed results visible (API shows only 20 most recent, all running/scheduled)
- v427-v433 now in competition pool (passed qualifying)
- Running TV69 5K step self-play for analysis
- Opponent slanky:v112 seen in matches
