# Activity Log: 2026-03-27-130646

status: interrupted

## Session Start
- Previous best local: 4.92 (v8 with scramble-zone detection)
- Tournament best: v30 at 1.92 (#1 on leaderboard)
- v37 uploaded last session with all improvements
- Goal: achieve score > 10
- Plan: 1) Check tournament results, 2) Analyze why variance is high, 3) Push score higher

## Progress (continued from previous session)
- v44 uploaded: 5 aligners, reduced retreat, hub proximity bias, ship zone propagation
- Tried sharing world model across agents — caused total gridlock (agents block each other), reverted
- Reduced patrol from 77% to ~40% of aligner time (staleness 30→100, distance 25→15)
- Ship zone propagation: when scramble detected, mark ALL junctions within ship range as dangerous
- Ship penalty 50→100 in aligner scoring
- Added ring 3 explore offsets (35 tiles) for distant safe junctions
- Increased pathfinding margin 12→16
- KEY INSIGHT: enemy-owned junctions indicate ship presence (ships auto-align for clips team)
- Implemented proactive ship detection from enemy junctions (before alignment)
- v46 uploaded with enemy-junction ship detection
- Local test scores: 2.10, 1.71, 1.90 (more tests running)
- Competition matches showing 0.5-1.8
- Qualifying matches failing with server errors (1011 internal error)

## Analysis
- Map variance is HUGE: 47 vs 65 junctions per map, some maps cause 0-score wipeouts
- Same 177 alignments give scores 1.79-3.52 depending on WHICH junctions aligned
- Safe junctions (outside ship range) are 143x more valuable than ship-zone junctions
- Key bottleneck: ship zone detection speed determines how many hearts wasted on ship zones
- Patrol was consuming 77% of aligner time (fixed, now ~40%)
