# Activity Log: 2026-03-27-111149

status: in-progress

## Session Start
- Previous best score: ~3.35 (semantic_cog), baseline confirmed ~3.32
- Prior session tried shared world model (regressed), 6-aligner (regressed)
- Goal: achieve score > 10

## Progress (parallel sessions merged)
- Read entire policy codebase
- Discovered tournament uses VARIABLE agent counts per team (4-6 cogs vs 2-4 opponent)
- Fixed ALIGNER_PRIORITY for 4-agent games: reordered to (3,2,4,5,6,7) so low IDs get assigned
- Added adaptive pressure_budgets based on team_summary.members count
- Key finding: agent DEATH is the #1 factor in score variance
- Tested many changes, most REGRESSED:
  - Shared extractors: stale positions, miners cluster
  - Shared WorldModel: score 0 (pathfinding broken)
  - Inner explore ring (12): agents get stuck near hub
  - Heart batch 6: economy can't supply fast enough
  - Wider A* margin (16): mixed results
  - Longer temp blocks (25): mixed results
- Same seed gives different scores each run — high variance makes single-run testing unreliable
- CRITICAL BUG: "cvc-cog" may not be a valid import path, tournament uploads may fail
- Restored original baseline + minimal adaptive changes
- Uploading cleaned version as v20
