# Activity Log — 2026-03-31-032500
status: in-progress

## Session Goals
- Fix stuck-at-position bug (desperate_scramble loop)
- Combine TV478 base + aligner floor (no desperate mode)
- Upload improved variant and check tournament results
- Study new opponents

## Activity
- [03:25] Session started. Context: v873 (TV478) avg 10.13 achieved goal. v880 (TV484) best 6v2 (12.66). Key todo: stuck bug fix + TV478+floor combo.
- [03:30] Analyzed v881 tournament results: avg 7.08 across 17 matches. 7 scores >=10, 7 scores <3. Low scores all 2v6.
- [03:32] Studied 2v6 vs gtlm-reactive (score 0.31): silicon bottleneck — hub silicon stuck at 2 while others grew to 40+. No silicon extractors near hub area. Structural 2v6 problem.
- [03:35] Created TV486: TV478 + aligner floor for 5+ (no desperate mode). Clean combo of best features.
- [03:36] Created TV487: TV486 + stuck detection with explore fallback (not mine — that's what regressed TV485).
- [03:40] TV486 local test: 6.85 score (8v0 self-play). Normal baseline.
- [03:42] Uploaded v882 (TV486) and v883 (TV487) to qualifying.
- [03:45] Studied 4v4 vs coglet (score 5.03): aligner drops to 1 when min_res<7, spends 100s of steps in rebuild_hearts_mine. Territory stagnates.
- [03:48] Created TV488: TV486 + 4v4 aligner floor (never below 2 aligners in 4v4 too). Starts with 2 aligners from step 0.
- [03:50] Uploaded v884 (TV488) to qualifying. Now have 3 variants: v882 (TV486), v883 (TV487), v884 (TV488).
- [03:55] Qualifying results: v882=12.55, v883=12.55 (8v0 self-play). All 3 variants passed qualifying, now in competition.
- [03:57] Studied 4v4 match logs vs coglet (5.03): aligner spends too much time in rebuild_hearts_mine. Resource imbalance (germanium=0) blocks hearts. Budget drops to 1 aligner when can't make hearts → territory stagnates.
- [04:00] Waiting for competition results for v882, v883, v884.
