# Session 2026-03-29-091018
Status: in-progress

## Context
Previous session interrupted. Leaderboard: v367 (TV9) at 8.61, v363 at 8.59, v364 (TV7) at 8.55.
Goal: score > 10 in tournament. Current best ~8.6.
Key insight from last session: map layout variance is huge (4.88-13.08).
Need better exploration on unfavorable maps to raise average.

## Plan
1. Check latest tournament results and leaderboard
2. Read current policy code to understand exploration logic
3. Improve junction discovery on low-scoring maps
4. Test locally with multi-seed, then upload to tournament

## Tournament Status
- Many matches currently running (new competitor: coglet-v0!)
- v65 vs v364 (4a): 6.84

## TV11 Design
Created AlphaTournamentV11Policy with two innovations:
1. **Early burst explorer**: Agent 0 systematically covers map grid for first 400 steps
   - 20 waypoints covering inner/mid/outer rings and far corners
   - Discovers junctions before aligners need them
   - Returns to normal miner after 400 steps
2. **Chain push**: After aligning a frontier junction (dist >= 15 from hub),
   aligner explores 20 steps in that direction to discover chain extensions

## TV7 Baseline Test
8 agents, 5000 steps, default seed: **2.46** (low — unfavorable seed)
8 friendly junctions at step 5000, 6 enemy, 1 frontier

## TV11 Multi-Seed Results (8 agents, 5000 steps)

**TV11 (explorer + chain push 20)**: 5.95, 9.99, 3.73, 5.22, 6.82 → **avg 6.34**
**TV9 (baseline)**: 4.54, 6.37, 5.61, 7.37, 7.65 → **avg 6.31**

TV11 ≈ TV9 on average. Chain push helps on good maps (seed 1: +3.62) but hurts on bad maps (seed 2: -1.88, seed 3: -2.15). Higher variance.

**Key finding**: Chain push discovered more junctions on favorable maps but wasted time on unfavorable maps (pushing into dead ends/areas with no junctions).

**Burst explorer works**: Agent 7 visited 17/20 waypoints in 400 steps. But missing 1 miner for 400 steps may cost more than it gains.

## Variants Under Test
- TV11b: chain push only (15 steps), no burst explorer
- TV11c: short chain push (10 steps), no burst explorer
Running across 5 seeds...
