# Activity Log: 2026-03-27-201110

status: in-progress

## Session Start
- Previous session (192754) interrupted, cleaned up
- Best performance: v78 avg 5.70 across 8 seeds, peak 17.24
- Current best tournament upload: v71 (economy-gated)
- Goal: achieve consistent score > 10
- Key todos: fix economy death spiral, reduce 2nd half degradation

## Analysis Phase
- Confirmed setup: cogames 0.21.1, mettagrid installed, mettagrid_sdk in src/
- Run with PYTHONPATH=src:src/mettagrid_sdk
- Default seed wipeout (all agents hp=0 by step 100) - economy death spiral
- Seed 456 works great: hp=100, active alignment by step 36
- HP thresholds: miner=15, aligner=50, scrambler=30
- Retreat margin=28 + gear penalty +10 = agents with hp<38-48 always retreat
- Running 8-seed benchmark to establish baseline

## v78 Baseline (partial)
- Seed 42: 2.39 (135 alignments, 102 lost to ships, 102 scrambles)
- Seed 123: 4.05

## v91 Changes (testing)
- Pressure budgets: 6 pressure (2 miners) from step 200 (was 3000)
- Heart batching: 6 at step 500 (was 5 at step 2000), 7 at step 2000, 8 at step 5000
- Retreat margin: 22 (was 28) — keep agents productive longer
- 2nd scrambler at step 1000 (was 1500)
