status: in-progress

## Actions
- Session started. Previous session (2026-03-30-211500) was interrupted.
- Context: v716=15.05 is #1. Last session created TV440-TV446 (v826-v832) with aligner floor + scramble fixes.
- Need to check v826-v832 tournament results and iterate.
- Analyzed v831/v832 results: both worse than v716 (6.07/8.21 avg vs 15.05)
- Root cause: TV436 base is worse than TV350 base
- Created TV447 (crisis recovery), TV448 (floor 2), TV449 (crisis+floor), TV450 (adaptive aggression)
- Local: TV350=1.37, TV447=2.19, TV448=2.38, TV449=1.28, TV450=2.08
- Uploaded v833=TV447, v834=TV448, v835=TV449, v836=TV450
- v834 in competition: 8.36 vs mammet (6v2)
- Concurrent session 212420 also working — uploaded v837=TV450(floor3), v838=TV451, v839=TV448
- v835 (TV449) in competition with 16+ matches
- First competition results:
  - v838 (crisis+floor3) 2v6 vs slanky: 8.82 (STRONG — v716 scored 4.44 same matchup)
  - v838 2v6 vs gtlm: 1.93 (weak)
  - v837/v839 self-play: 12-13 (reference)
  - v840/v841 also uploaded by concurrent session, all in competition
- Studied semantic_cog.py base code:
  - Alignment network: hub range=10, junction range=5
  - Scramble scoring: distance - blocked_neutrals*4 - corner_pressure - threat_bonus
  - Target switch threshold: 3.0 (prevents oscillation)
  - Key weights: expansion=10, network=0.5, hotspot=8.0, claimed=12.0
- v838's strong 2v6 performance vs slanky suggests crisis/floor approach helps 2-agent games
- Waiting for more results to determine if improvements beat v716's 15.05 average
