# Activity Log — 2026-03-28-030459

## Status: interrupted

### Session Start
- Reviewed recent.md: v120 at #19 (2.42), local avg 4.10, many interrupted sessions
- Key todos: investigate v65 era outperformance, optimize for variable team sizes, reduce wipeouts
- Plan: check latest tournament results, analyze what's working/not, iterate on policy

### v134: Network-distance targeting (replacing hub-penalty)
- Hypothesis: hub_penalty too aggressive, prevents network expansion through chained junctions
- Change: replaced hub_penalty with network_penalty (min dist to any hub/friendly junction * 0.5)
- Also boosted expansion weight from 8.0/48 to 10.0/60
- First seed result: 4.67 (baseline avg 4.10)
- Running 5-seed comparison to validate
- v134 10-seed results: 6.70, 1.43, 0.00, 6.50, 9.95, 7.55, 3.33, 9.14, 5.43, 8.89
- v134 avg: 5.89 (up from 4.10 baseline, +44%)
- Seed 3 total wipeout (all agents died early, never recovered)
- Two seeds near/above 10: 9.95, 9.14

### v135: Increased heart batch from 3→4 base
- More alignments per hub trip = less travel overhead
- v135 seeds 1-5: 8.12, 1.34, 3.99, 3.13, 9.09 (avg 5.13)
- Seed 3 no longer wipeout (3.99 vs 0.00)

### v136-v138: Failed experiments
- v136 (2-miner minimum): reduced max_pressure for 8-cog, avg dropped to 5.56
- v137 (heart batch 4): caused wipeouts on seeds 1,2 (0.00)
- v138 (opp deposit + scrambler>=6): seed 5 wipeout, inconsistent results
- All reverted back to v134 (pure network targeting)

### Key learnings
- Non-determinism is HUGE: same seed+code gives 0.00 to 6.70
- Need 20+ seeds for reliable comparisons
- Seed 3 is unwinnable (starter policy also scores 0.00)
- Heart batch increase can starve economy → wipeouts
- Budget changes are very sensitive — small tweaks cause big regressions
- Uploaded v128, v129, v131, v132 to tournament

### Running 20-seed test (seeds 11-30) for reliable v134 baseline
