status: in-progress
started: 2026-03-28T19:12:35Z

## Session Progress
- Set up environment, checked leaderboard
- v65 still #1 at 3.59 (516 matches), all others at 2.2-2.9
- CRITICAL FINDING: Both players in a match get the SAME score
  - Score is per-match average (both teams contribute)
  - 6v2 avg=5.38, 4v4 avg=1.26, 2v6 avg=1.24
  - When you have 6 agents, you dominate the score
  - Top 6-agent matches: 7.33 (v11-v17)
- Tournament uses clips (enemy ships that scramble junctions)
- Running local experiments: 6-agent cyborg, clips variant

## Clips Analysis
- Clips: 4 ships, each scrambles every 70 ticks
- cogs_to_neutral: clips scramble our junctions to neutral (step 50, then every 70)
- neutral_to_clips: clips convert neutral to clips (step 100, then every 70)
- Total clips pressure: ~0.114 scrambles per tick
- Alignment rate with 4 aligners: ~0.12 per tick (roughly equilibrium)
- Extra aligner: +0.03/tick, Extra scrambler: +0.01/tick → aligners 3x more valuable

## New Policies Created
- AlphaAlignMax: 5 aligners, minimal scramblers
- AlphaDefenseWall: early 2 scramblers to suppress clips
- AlphaBlitz: all-in alignment with free hearts in early game
- Running 5-episode scrimmages on all + baseline + v65

## Local Testing Results (10k steps, per-cog score)
| Seed | Baseline | AlignMax | V65  |
|------|----------|----------|------|
| 42   | 2.59     | 2.77     | 3.24 |
| 43   | 7.51     | 7.14     | 6.64 |
| 44   | 14.72    | 3.68     | 1.44 |

- MASSIVE seed variance (1.44 to 14.72 on same policy!)
- Map layout is the dominant factor in score
- Running more seeds for reliable comparison

## Tournament Uploads
- v280: AlphaCyborgPolicy (baseline)
- v281: AlphaAlignMaxPolicy (more aligners)
- v282: AlphaDefenseWallPolicy (early scramblers)
- v283: AlphaBlitzPolicy (early blitz)

## AlignMax vs Baseline (7 seeds)
Baseline avg: 6.56, AlignMax avg: 4.07
AlignMax WORSE overall — too many aligners starve economy
On high-scoring maps (seeds 44,45), baseline much better (14.72, 11.82 vs 3.68, 5.67)
Running comprehensive 5-seed comparison of Baseline vs AlignMax vs V65
