# Activity Log — 2026-03-31-030250
status: completed

## Session Goals
- Check tournament results for v882-v885 (from interrupted session)
- Iterate on policy based on results
- Upload improved variants
- Target: maintain score > 10

## Activity
- [03:03] Session started. Previous session (032500) interrupted. v884 (TV488) best at avg 9.58. Key: 4v4 aligner floor.
- [03:05] Continuing from previous session. v885 (TV489, aggressive stagnation scramble) qualifying still running. Checking results.
- [03:10] Compiled v884 full results: 6v2 avg 11.07, 4v4 avg 10.13, 2v6 avg 7.87, overall avg ~9.80.
- [03:12] Analyzed worst matches: 6v2 vs coglet (2.03), 4v4 vs mammet (3.95) — severe resource imbalance (oxygen 764, germanium 0). Can't make hearts.
- [03:12] v885 (TV489) competition results: avg ~5.4-5.9 — CLEAR REGRESSION from v884. Aggressive stagnation scramble hurts ALL matchup types.
  - Key lesson: step%200 time window and min_res>=7 threshold are IMPORTANT for stagnation balance.
- [03:16] Created TV490 (TV488 + resource imbalance awareness): when max>50*(min+1), reduce aligners, mine bottleneck only. v886.
- [03:16] Created TV491 (TV488 + scorched earth): on economy collapse, spend hearts on scrambling. v887.
- [03:17] TV490 local test: 11.35 score (8v0 self-play). Imbalance detection triggered late game, correctly dropped to 1 aligner.
- [03:18] Also created TV490-alt (v888): faster 3-aligner ramp (from parallel session).
- [03:22] Created TV492 (TV488 + early 4v4 scrambler): 1 aligner + 1 scrambler in 4v4 after step 500. v889.
- [03:22] Created TV493 (TV490 + TV492 combined): imbalance + 4v4 scrambler. v890.
- [03:23] Uploaded v886, v887, v889, v890 to qualifying.
- [03:30] All variants (v886-v890) passed qualifying, in competition now.
- [03:35] Waiting for competition results. v886 (TV490), v887 (TV491), v888 (TV490-alt), v889 (TV492), v890 (TV493) all competing.
- [03:50] v888 (TV490-alt) results: avg 6.91 (10 matches) — REGRESSION from v884's 9.58. Faster 3-aligner ramp hurts economy.
  - 4v4 avg 6.29 (was 8.66) — too many aligners too early, not enough mining
  - 6v2 avg 7.40 (was 11.07) — same issue
  - CONCLUSION: v884 (TV488) remains the best variant. Budget changes are risky.
- [03:52] DISCOVERY: Each agent has its OWN WorldModel — extractor discoveries NOT shared between agents!
  When miner 3 finds germanium extractor, other miners don't know about it.
- [03:55] Created TeamExtractorSharedWorldModel — shares ONLY extractor knowledge (not hubs/stations).
  V1 (fully shared model) FAILED: agents clustered at same hub, all stuck.
  V2 (extractor-only sharing) works: agents spread to different hubs, extractors shared.
- [03:57] Uploaded v895 (TV496, shared extractors) and v896 (TV497, shared + imbalance).
- [04:05] TV496 ALSO BROKEN: scored 0.31 locally (TV488 baseline scored 14.96 on same map type).
  v894 (TV497) scored 0.00 in qualifying. Shared extractor cache causes miner clustering.
  All agents navigate to same extractor → cluster → die. Need per-agent extractor selection.
- [04:06] Abandoned shared extractor approach for now. Need more careful implementation
  that distributes miners to DIFFERENT extractors of the bottleneck type.
  Key insight: sharing knowledge ≠ better coordination without also sharing TARGET CLAIMS.
