status: in-progress
started: 2026-03-29T14:03:57Z

## Plan
- Check v392-v401 tournament results (hotspot weight inversion variants)
- Study opponent strategies if results available
- Run free-play experiments based on findings
- Push score higher

## Activity
- [1403] Session started. v387=#1 at 10.05, all v392-v401 still running.
- [1406] All tournament matches running/scheduled — no completed results yet.
- [1408] Running self-play games: baseline (AlphaCyborgPolicy), TV28, 2-agent, starter.
- [1415] Created TV38 (enemy-directed stagnation explore), TV39 (earlier scrambler),
  TV40 (reduced hub penalty). Testing now.
- [1420] Self-play results (5K steps, 8-agent):
  - TV38: 4.87 (+39.9% vs TV28's 3.48)
  - TV39: 3.39 (-2.6% — earlier scrambler hurts)
  - TV40: 5.04 (+44.8% — **BEST**)
  - TV28 baseline: 3.48
  - AlphaCyborg: 3.85
- [1420] TV40 (reduced hub penalty) shows biggest improvement. Created TV41 (TV40+TV38 combined).
- [1421] Running validation (3x each) for TV28, TV38, TV40. Also running TV41.
- [1425] Validation results (4 runs each, 5K steps, same map):
  - TV28: avg 0.87 (3 wipeouts!) — map-dependent fragility
  - TV38: avg 2.30 (2 wipeouts)
  - TV40: avg 4.36 (0 wipeouts!) — most robust
  - TV41: 4.15 (single run) — combined TV40+TV38, worse than TV40 alone
- [1427] Uploaded to tournament:
  - v402 = TV40 (reduced hub penalty) — MAIN BET
  - v403 = TV41 (TV40+TV38 combined)
  - v404 = TV38 (enemy-directed explore)
- [1428] Still no completed tournament matches for v392-v401.
- [1432] TV42 (zero hub penalty): 4.77 — close to TV40 but slightly worse.
  TV43 (higher expansion weight): 3.53 — worse, expansion bonus doesn't help.
  TV40 at 10K steps: 8.39 — solid long game.
- [1433] Uploaded: v402=TV40, v403=TV41, v404=TV38, v405=TV42.
- [1434] Analysis: mid-game stagnation is main bottleneck. frontier=0 from step 2300+.
  Opponent out-aligns us on favorable map positions. Need better stagnation response.
- [1435] Self-play summary (all on same map seed):
  - TV40: 5.04 (5K) / 8.39 (10K) — BEST, 0 wipeouts in 4 runs
  - TV42 (zero hub): 4.77 — close but slightly worse
  - TV43 (high expansion): 3.53 — no help
  - TV44 (late-game defense): 3.64 at 8K — budget change hurts again
- [1437] Tournament results arriving:
  - v405 (TV42) qualifying: 8.71 (8 agents, solo)
  - v64 vs v401 (2v6): 2.53 tie
  - v64 vs v394 (4v4): 8.12 tie
  All ties — expected in same-policy-family matchups.
- [1437] Created TV44 (late-game defensive shift) — budget change hurts as expected.
- [1440] KEY INSIGHT: Tournament scores show both teams get EQUAL scores
  (e.g., 2.53/2.53 and 8.12/8.12). This means scoring is cooperative/shared.
  Implications: scrambling may be wasteful since it removes junctions from
  shared score. Need to test no-scrambler variant.
- [1441] v402 (TV40) now in competition vs Paz-Bot-9005, slanky:v112, and old
  versions. Matches running — waiting for results.
- [1441] TV44 10K: 3.83 (budget change hurts). TV40 10K run 2: 7.28.
  TV40 10K avg: (8.39+7.28)/2 = 7.84.
- [1445] TV45 (no scramblers): 2.07 — scramblers essential even in cooperative game.
- [1447] **LEADERBOARD RESULTS — CRITICAL**:
  **#1: v388 = 12.38** (99 matches!) — our best ever! TV18 reupload
  #2: v389 = 10.39, #3: v387 = 9.89, #4: v378 = 9.88
  New uploads: v403 (TV41) = 8.80 (#7, 21 matches), v402 (TV40) = 8.29 (#24, 25 matches)
  v404 (TV38) = 7.24 (#38), v405 (TV42) = 6.69 (#43, only 2 matches)
  Opponents: slanky:v112 = 3.55 (#78), Paz-Bot-9005 = 3.48 (#84)
  We DOMINATE the leaderboard — all top 10 are ours.
  Goal > 10 ACHIEVED: v388=12.38, v389=10.39!
  New uploads (TV40/41) haven't converged yet — need more matches.
- [1448] KEY DISCOVERY: v388 = TV25 (scramble-focused stagnation).
  TV25 was WORSE in self-play (9.38 vs TV18 10.96) but BEST in tournament (12.38).
  TV25's near-hub explore + 50% scramble is optimal for PvP.
- [1450] Created TV46: TV25 + TV40 hub penalty + TV28 hotspot.
  Uploaded v406=TV46 (MAIN BET) and v407=TV25 reupload for comparison.
