# Activity Log — 2026-03-29-010815
status: completed

## Actions
- 01:08:15 Session started. Goal: >10 score. Current best #1 at 6.54. Last session interrupted — created Fortress (4.94) and EconSurge (5.15) policies, uploaded v317/v318.
- 01:15:00 Reviewed all policy code: Aggressive (best tournament 6.54), ChainExpand (best local 5.91), Fortress (4.94), EconSurge (5.15)
- 01:15:00 KEY INSIGHT: Tournament opponents are v56 (starter). Aggressive wins because max alignment pressure matters most vs weak opponents.
- 01:15:00 KEY INSIGHT: Defense/scrambling wastes hearts vs weak opponents — zero benefit
- 01:16:00 Created AlphaUltraPolicy: combines Aggressive fast start + ChainExpand expansion weights + zero scramblers + explore-heavy idle + economy-responsive scaling
- 01:16:00 Running 6 local games: Aggressive 8a/4a, EconSurge 8a/4a, Fortress 8a, Ultra 8a/4a
- 01:22:00 Local results: Ultra 8a=2.04 (peak 20j, collapse to 0), Ultra 4a=0.53, Aggressive 8a=3.61, Aggressive 4a=3.51
- 01:22:00 KEY INSIGHT: Ultra peaks at 20j (step 700) vs Aggressive 9j — chain expansion gives +122% peak. But zero scramblers = total collapse vs Clips.
- 01:23:00 Created AlphaUltraV2 (chain expand + 1 scrambler + idle-scramble if rich) and AlphaUltraV3 (chain expand + Aggressive budgets + idle-scramble)
- 01:24:00 Uploaded: v319=Ultra, v320=UltraV2, v321=UltraV3 to tournament
- 01:24:00 Running local tests: UltraV2 8a, UltraV3 8a/4a
- 01:30:00 RESULT: UltraV2 8a = 5.67, UltraV3 8a = **11.47** (!!), UltraV3 4a = 5.82
- 01:30:00 KEY INSIGHT: V3 (Aggressive budgets + chain expansion_weight=20) is MASSIVE improvement:
  - 8a: 11.47 vs Aggressive 3.61 (+218%)
  - 4a: 5.82 vs Aggressive 3.51 (+66%)
  - V3 8a peaks at 20j, sustains 12-17j mid, 8j late (vs Aggressive: 9j peak, 4j late)
- 01:30:00 The ONLY difference: expansion_weight=20 + expansion_cap=120 (chain weights)
- 01:30:00 This is the path to >10 in tournament! If Aggressive gets 6.54 tournament, V3 should get much more.
- 01:35:00 Multi-seed V3 8a: 11.47, 4.14, 9.81 (avg 8.47). V3 4a: 5.82, 5.53 (avg 5.68).
- 01:35:00 V4 (expansion_weight=25): 0.00 — TOO HIGH. Confirmed weight=20 is the sweet spot.
- 01:35:00 V5 (economy surge): 6.25 — slower start hurts. Fast start matters more.
- 01:36:00 Uploaded: v322=UltraV4, v323=UltraV5 to tournament
- 01:36:00 V3 is the clear winner. Average 8.47 local 8a vs Aggressive 3.61.
- 01:40:00 Tournament matches running: v319-v323 matched against alpha.0 (internal), Paz-Bot-9005, slanky:v112, gtlm-reactiv. No results yet.
- 01:40:00 Real opponents now appearing — stronger competition means economy management matters more.
- 01:56:00 TOURNAMENT RESULTS - CRITICAL FINDING:
  v290 (Aggressive): avg 6.84, max 8.52 across 30 matches
  v321 (UltraV3): avg ~1.0 in 4v4, ~5.3 in 2a — WORSE than Aggressive!
  v319 (Ultra): ~1.2-2.9 in 4v4, ~5.0-5.9 in 2a
  v320 (UltraV2): ~0.8-6.0 variable
- 01:56:00 KEY INSIGHT: Chain expansion (expansion_weight=20) HURTS in tournament!
  - Local 8a: V3 11.47 vs Aggressive 3.61 — V3 is 3x better locally
  - Tournament 4v4: V3 1.0 vs Aggressive 7.0 — V3 is 7x WORSE!
  - Chain expansion makes agents burn resources faster → earlier economy collapse
  - Tournament scoring is cooperative (both teams same score)
  - v290 also collapses to 0j by step 2500 but opponent (v56) sustains → high score
- 01:56:00 Uploaded v324 = Aggressive (baseline to confirm) to tournament
- 01:56:00 Strategy pivot: abandon chain expansion for tournament. Focus on incremental Aggressive improvements.
- 02:05:00 Created and uploaded:
  v325 = AlphaCoopPolicy (Aggressive, zero scramble, idle-mine)
  v326 = AlphaEconMaxPolicy (conservative alignment, 50%+ miners)
- 02:10:00 Qualifying results (solo vs Clips): v324=1.61/3.04, v325=1.49, v326=1.55. Waiting for competition matches.
- 02:20:00 v325 (Coop, no scramble) 6a = 1.16 — TERRIBLE! Scrambling is essential for network expansion.
- 02:20:00 v326 (EconMax) 6a = 1.02 — also terrible. Conservative alignment doesn't work.
- 02:20:00 KEY INSIGHT: num_agents is TOTAL (8 in 4v4), not per-team (4). This causes budget overflow:
  - With 8 total, budget allocates 4+ aligners but team only has 4 agents → all become aligners, none mine
  - v290 WORKS despite this bug because the game mechanics favor all-alignment in some way
- 02:20:00 Best v290 match was 8.52 (2a format where our 2 agents both became scramblers due to budget overflow)
- 02:20:00 Hypothesis: v290's accidental over-alignment works because opponent handles most scoring
- 02:25:00 Competition results show v324 (Aggressive) is MUCH worse than v290: 6a avg 2.75 vs 7.78.
  Tournament environment likely changed. Opponents may be stronger or game params different.
- 02:25:00 Uploaded: v327=TeamFix, v331=Focused (user-created, hub-proximal), v332=SustainV2 (user-created)
- 02:25:00 Key scores so far:
  v290: avg 6.84 (was best, old tournament)
  v324 (Aggressive re-upload): 2a=5.86, 4a=1.20, 6a=2.75 (new tournament, MUCH worse)
  v325 (Coop): 2a=5.47, 4a=1.68, 6a=1.16
  v326 (EconMax): 2a=5.66, 4a=1.35, 6a=1.02
