# Session 2026-03-29-100801
Status: interrupted

## Context
Previous session interrupted. Leaderboard: v367 (TV9) ~8.61.
Goal: score > 10 in tournament. Current best ~8.6.

## Critical Finding: Idle Stagnation
- Aligners loop on idle_align_scramble forever when no frontier junctions
- Default explore offsets (r22) miss junctions at r30-40 on 88x88 map

## Policy Iteration (5K steps, 8 agents, seeds 0/3/4)

| Policy | Seed 0 | Seed 3 | Seed 4 | Avg |
|--------|--------|--------|--------|-----|
| TV9    | 5.56   | 6.17   | 7.44   | 6.39 |
| TV15 (all explore) | 7.25 | 7.37 | 3.50 | 6.04 |
| TV19 (agent0 wide) | 5.89 | 6.17 | 8.45 | **6.84** |

TV15: All idle aligners explore full map. +30% on discovery maps, -52% on defense maps.
TV19: Only agent 0 uses wide explore offsets (r15-38). Others keep r22.
  → Consistent improvement: +6%, =, +14% across seeds. Avg +7% over TV9.

Silicon priority causes seed 4 wipeout — removed.

## TV19 Design (final)
- Inherits from TV9 (best tournament base)
- Only overrides _explore_action for agent 0 aligner
- Agent 0 cycles through 32 full-map waypoints (r15 to r38) during idle explore
- Other agents use standard r22 offsets (TV9 behavior unchanged)
- No other changes — proven TV9 budgets, idle scramble, heart management preserved

## Uploading TV19 to tournament
