# Activity Log

session: 2026-03-29-224427
status: in-progress
started: 2026-03-29T22:44:27Z

## Actions
- Session started. Previous session (2026-03-29-220607) completed normally.
- Context: TV82 is the proven baseline (v451=13.31 #1). All no-scramble variants failed.
- TV117-119 (v478-v480) uploaded to tournament, results pending.
  - v478 (TV117): dynamic stagnation recovery (50% scramble when losing territory)
  - v479 (TV118): reduced retreat margin (10 vs 20)
  - v480 (TV119): faster early ramp (2 aligners from step 10)
- Todos: reduce retreat overhead, study opponents, improve 2v6 vs gtlm-reactive.
- TV82 self-play scored 0.00 (all agents wiped out at step 100, map seed issue). TV117 scored 4.48.
  Self-play is highly seed-dependent. Tournament results are the real signal.
- v478 (TV117) passed qualifying, entered competition. v479-v480 likely in qualifying still.
- All tournament matches still running (17-20 at a time). Queue is heavily backed up.
- COMPETITION RESULTS (using --json for precise data):
  - v475 (TV114, defensive re-align): avg=3.58 (62m) — BAD, inherits TV112 no-scramble
  - v476 (TV115, delayed batching): avg=9.93 (62m) — below baseline
  - v477 (TV116, no-scramble+batching): avg=2.93 (62m) — BAD
  - v478 (TV117, stagnation recovery): 10.10 (1m qualifying) — too few data
  - **v479 (TV118, reduced retreat)**: avg=12.13 (7m) — PROMISING! 2v=12.4
  - v480 (TV119, faster ramp): avg=10.94 (5m) — below baseline
- KEY FINDING: Reduced retreat margin (v479/TV118) is the most promising new idea.
  Still collecting data. TV82 baseline avg=13.31 with 27 matches.
