# Session 2026-03-28-221400 Activity Log

## Status: in-progress

- [2026-03-28 22:14] Session started. Context: AlphaAggressive best so far (4a: 2.37, 8a: 3.97).
  Silicon depletion bottleneck. Need to check tournament results and iterate.
- [2026-03-28 22:18] Tournament matches all running/scheduled, no completed results yet.
  All matches are alpha.0:vXXX vs v34 opponent.
- [2026-03-28 22:20] Created AlphaSustainPolicy: silicon-first mining, no scrambling,
  late-game conservation when silicon < 14. Cluster-based junction expansion.
- [2026-03-28 22:20] Created AlphaAdaptiveV2Policy: aggressive early (with idle-scramble),
  conservation after step 2500 or silicon < 30. Silicon-first bias after step 1500.
- [2026-03-28 22:21] Running 4 local games: Sustain 4a/8a, AdaptiveV2 4a/8a (5000 steps each).
- [2026-03-28 22:30] Results (single seed):
  - Aggressive: 4a=2.20, 8a=2.43 (BASELINE BEST)
  - AdaptiveV2: 4a=1.68, 8a=0.00 (bad seed)
  - Sustain: 4a=0.55, 8a=1.69 (WORSE — conservation is wrong)
  Key insight: Resources aren't the bottleneck. Sustain had 5x more hub resources
  but FEWER junctions (6-8 vs 10-14). Problem is junction discovery + network expansion.
- [2026-03-28 22:30] Created AlphaExplorerPolicy: wider explore offsets (35 vs 22),
  no hub-distance limit on expansion, bridge-scoring for junction chains.
  Running 4a/8a games.
- [2026-03-28 22:35] BREAKTHROUGH: Explorer 8a scored 4.58 vs Aggressive 2.43 (+88%!).
  Explorer maintains 16-19 friendly junctions throughout game (Aggressive declines 18→8).
  Enemy only reaches 7 junctions (vs 18 for Aggressive).
  Wider exploration + bridge expansion + no hub-distance limit = key improvements.
  Running multi-seed validation (seeds 42, 123, 777) for Explorer, Aggressive, 4a/8a.
- [2026-03-28 22:42] Multi-seed results DEBUNK initial Explorer result:
  Explorer 8a: avg 3.85 (2.15, 4.53, 4.87) vs Aggressive 8a: avg 5.86 (4.09, 5.53, 7.95)
  Aggressive wins ALL 3 seeds. Wider exploration sends agents too far → slower start.
  Initial result was misleading due to seed variance.
- [2026-03-28 22:43] Bridge scoring also WORSE: avg 3.66 vs 5.86 (sends agents to distant clusters).
  Reverted to original nearest-junction expansion.
- [2026-03-28 22:45] Trying lower economy_surplus threshold (100→50) for earlier max-pressure.
  Also 4a improvement: 3 aligners when economy healthy (step>500, min_res>=50).
- [2026-03-28 22:55] Lower surplus (50) hurts 8a (seed 777: 7.95→3.83). Reverted to 100.
  Kept 4a 3-aligner improvement. Parallel test results unreliable due to resource contention.
  Clean sequential test: 8a seed 42 → 2.10, 4a seed 42 → 1.67.
  Uploaded v303 (AlphaAggressive with 4a improvement) to tournament.
  CONCLUSION: Seed variance too high for single-seed policy comparison.
  Tournament is the only reliable signal.
