# Activity Log — 2026-03-30-003249

status: in-progress

## Session Start
- Previous session: 2026-03-29-230520 (completed, v495 TV133 #1 at 12.44)
- Focus: Investigate 4a=11.1 gap, improve 2v6 vs gtlm-reactive-v3

## Actions
- Reviewed current state: v495 (TV133) is #1 at 12.44 comp avg
- New v53 uploaded between sessions, running in competition (no results yet)
- Self-play 5000 steps with AlphaCyborgPolicy: score ~3.83 (8v0)
  - Economy collapses by step 5000 (carbon=17, oxygen=7, germanium=259)
  - Shows germanium overproduction issue
- Created TV134: TV133 + faster 2a start (step 100 vs 200) + dual aligner at min_res >= 7 (vs 14)
- Created TV135: TV134 + idle aligners scramble instead of mine in 2a mode
- Both pass 100-step validation
- All v53 tournament matches still running/scheduled, no results yet
- v53 match results completed:
  - v53 (2a) vs v466 (6a): 14.97 — excellent
  - v53 (4a) vs v466/v463/v464/v483 (4a): 13.41 consistently
  - v53 (6a) vs v466/v463 (2a): 5.99 — dragged down by bad partner 2a
- Uploaded v496 (TV134), v497 (TV135-broken), v498 (TV133 baseline)
- TV134 self-play: 6.66 per cog (8v0)
- TV135-broken self-play: 0.69 per cog — _aligner_action override removed stagnation logic!
- Fixed TV135: replaced broken _aligner_action with budget-only change (faster 6a ramp)
- Uploaded v499 (fixed TV135: faster 6a ramp at min_res thresholds 50/100 vs 80/200)
- Self-play comparison:
  - TV133 (baseline): 5.36 per cog
  - TV134 (faster 2a): 6.66 per cog (+24%)
  - TV135 (faster 6a): 6.32 per cog (+18%)
- Key insight from 14.97 match logs: early expansion is everything
  - v466 as 6a had 8-13 junctions by step 500 → high avg score
  - By step 10K, all junctions lost to clips NPC
  - Score driven by early dominance (more ticks of high score)
- Created TV136 (v500): ultra-fast 2a — both agents align from step 1
  - In 2v6, partner's 6 agents handle economy
  - Initial hub has enough for 2 hearts immediately
  - No mining wait (step 0 vs 100/200 in TV134/TV133)
- v496 (TV134), v497 (TV135-broken), v498 (TV133), v499 (TV135-fixed) all in competition
- v500 (TV136) in qualifying
- Tournament results:
  - v496 (TV134) 4a vs v11 4a = 13.54 (good, same as TV133 — 4a unchanged)
  - v496 (TV134) 2a vs v11 6a = 7.07 (v11's 6a is weak partner)
  - v497 (TV135-broken) 4a vs v11 4a = 1.20 (confirmed broken!)
  - v498 (TV133) 4a vs v11 4a = 13.54 (baseline confirmed)
  - v498 (TV133) 2a vs v13 6a = 11.34 (solid)
  - v499 (TV135-fixed) qualifying: 10.93, 11.17 — passed!
- v496/v497/v498 now playing vs gtlm-reactive-v3 and v17, v29 (results pending)
- v499 entering competition, v500 (TV136) not yet scheduled
- Score highly partner-dependent: v54 ranges from 0.93 (bad partner) to 14.65 (good partner)
- **CRITICAL RESULT: TV134 (v496) 2a vs gtlm-reactive 6a = 9.03** (vs TV133's 4.64 = +95%!)
  - TV134's faster 2a start (step 100, dual at min_res 7) nearly doubled 2a vs gtlm
  - Full comparison vs gtlm-reactive:
    - 2a vs gtlm 6a: TV133=4.64, TV134=9.03 (+95%)
    - 4a vs gtlm 4a: TV133=9.31, TV134=9.31 (same, 4a unchanged)
    - 6a vs gtlm 2a: TV133=14.26, TV134=14.26 (same, 6a unchanged)
    - Avg vs gtlm: TV133=9.40, TV134=10.87 (+15%)
- v500 (TV136, ultra-fast 2a from step 1) now in competition matches
