# Activity Log — 2026-03-30-010306

status: in-progress

## Session Start
- Previous session: 2026-03-30-003249 (interrupted, TV134-TV136 variants, v496-v500)
- Current best: v495 (TV133) #1 at 12.44 comp avg
- Focus: Check v496-v500 results, continue improving policy

## Actions
- v496-v500 all running/scheduled in competition — no results yet
- v500 (TV136) auto-promoted to competition already
- Created TV137: faster 4a start (step 50 vs 100, min_res 20 vs 30, 3 aligners at 80/300 vs 100/500)
- Created TV138: combined best — TV136 ultra-fast 2a + TV137 faster 4a + TV135 faster 6a ramp
- Both TV137/TV138 pass 100-step validation
- Uploaded v501 (TV137), v502 (TV138) — both in qualifying
- Running 5000-step self-play for TV133 (baseline), TV136, TV137, TV138
- Self-play results (8v0, 5000 steps):
  - TV133 (baseline): 5.38 per cog
  - TV136 (ultra-fast 2a): 5.38 per cog (same — 2a changes irrelevant in 8v0)
  - TV137 (faster 4a): 6.02 per cog (+12% over baseline!)
  - TV138 (combined): 5.50 per cog (+2%)
- Key insight from self-play: score peaks at step 500 (14 junctions) then declines
  as Clips NPC catches up. Early expansion is everything.
- Created TV139: blitz start — max aligners from step 1 for all team sizes
  - 4a: 2 aligners from step 1 (was step 100), 3 at min_res 50/step 200
  - 6a: 3 aligners from step 1, faster ramp
- Uploaded v503 (TV139) — in qualifying
- Running TV139 self-play
- Created TV140: economy support for 2a — 1 aligner + 1 miner (vs dual-align)
  - Hypothesis: against 6-agent opponent, dual align gets scrambled fast
  - Better to mine and feed partner's 6 agents
- Uploaded v504 (TV140) — in qualifying
- v501 (TV137), v502 (TV138) still in qualifying (no results yet)
- v496-v500 all in competition (no completed matches yet)
- TV139 self-play: 6.40 per cog — BEST so far (+19% over TV133 baseline)
  - Blitz start with 3 aligners from step 1 works well
  - Peak 15 junctions at step 500, then NPC decline same as others
- Confirmed: scoring IS cooperative (cogs vs clips). Both teams share score.
  - Scrambling = clips junctions only (can't scramble partner)
  - Dual aligning is direct contribution to shared score
- All v496-v504 matches still running/scheduled, no completed results yet
- Tournament results arriving! Matches were completed but scrolled off visible list.
- **v499 (TV135-fixed) vs v34**: 2a=15.10, 4a=9.92, 6a=16.00 → avg 13.67 (BEST vs v34)
- **v496 (TV134) vs v34**: 2a=15.10, 6a=14.61 → avg 14.86
- **v498 (TV133-baseline) vs v34**: 2a=12.19, 4a=9.92, 6a=14.61 → avg 12.24
- **v500 (TV136) vs v49**: 2a=14.14, 4a=10.65, 6a=14.61 → avg 13.13
- **v501 (TV137) vs v14/v17**: 4a=14.85! 2a=14.95, 6a=14.54 → ALL excellent
- **v502 (TV138) vs v14**: 2a=14.95, 4a=14.85, 6a=12.61
- v501 TV137 4a=14.85 is MASSIVE improvement over v495 TV133 4a=11.1 (+34%)!
- v503 (TV139) qualifying: 11.60, 12.91 (avg 12.26)
- Key findings:
  1. Faster 4a start (TV137) is the biggest improvement (+34% in 4a)
  2. TV134 faster 2a also helps (15.10 vs 12.19)
  3. TV135 faster 6a ramp: mixed (better vs v34, worse vs v31)
  4. v14/v17 are weak opponents → inflated scores
- MORE tournament results (vs v49 — stronger opponent):
  - v501 (TV137): 2a=14.14, 4a=11.90, 6a=14.61 → avg 13.55
  - v502 (TV138): 2a=14.14, 4a=11.90, 6a=16.00 → avg 14.01 ← **BEST**
  - v503 (TV139): 2a=14.14, 4a=11.43 → blitz too aggressive for 4a
  - v504 (TV140): 2a=7.45, 4a=11.90, 6a=14.61 → economy 2a TERRIBLE
- **v502 (TV138) = best at 14.01 avg** vs v49 (+12.6% over v495 baseline)
- TV138 = TV136 ultra-fast 2a + TV137 faster 4a + TV135 faster 6a ramp
- TV140 economy support for 2a is BAD — dual aligning is always better
- TV139 blitz is too aggressive for 4a (wastes economy)
- Created TV141: TV138 + even faster 4a (step 30, no min_res gate for 2 aligners)
- Created TV142: TV138 + 50% stagnation scramble (was 80%)
- Uploaded v505 (TV141), v506 (TV142) — in qualifying
- Next: wait for v54+ match results to validate on strongest opponents
- v54 results came in! Key findings:
  - v502 (TV138) vs v54: 2a=14.59, 4a=11.97, 6a=16.00 → avg 14.19 (BEST vs v54)
  - v500 (TV136) vs v54: 2a=14.59, 4a=12.21, 6a=14.61 → avg 13.80
  - v501 (TV137) vs v54: 2a=14.59, 4a=11.97, 6a=14.61 → avg 13.72
  - Key insight: TV137's faster 4a (11.97) is slightly WORSE than TV82's 4a (12.21) vs strong opponents!
  - TV136's ultra-fast 2a is clearly best (14.59 vs 12.06)
  - TV135's faster 6a is best (16.00 vs 14.61)
- Created TV143: data-driven optimal — TV136 2a + TV82 4a + TV135 6a
  - Expected: 14.59 + 12.21 + 16.00 = avg ~14.27 (vs v54)
- Uploaded v507 (TV143) — in qualifying
- Analyzed actual 4a match logs (v499 vs v54): carbon bottleneck keeps min_res < 30
  → only 1 aligner until step ~800! Peak at 14 junctions by step 500 with 1 aligner.
- Created TV144: TV143 + lower 4a 2-aligner threshold (min_res 15 vs 30)
  - Should get 2 aligners by step ~400 instead of ~800
- Uploaded v505 (TV141), v506 (TV142), v507 (TV143), v508 (TV144)
- v55 now running in competition against older versions
