status: in-progress

## CRITICAL FIX IS WORKING! 🎯

### Tournament Results After Role Fix
- **v180 (Base+fix): 2.99 (9 matches) — #2 on leaderboard!**
- **v179 (StableBoost+fix): 2.86 (11 matches) — #3!**
- **v181 (ZoneBoost+fix): 2.81 (10 matches) — #4!**

Compared to pre-fix versions that capped at 2.36, this is a +0.5 to +0.63 improvement!
v180 at 2.99 is approaching v65's 3.24!

### The Bug That Was Fixed
Tournament uses split teams (2v2, 3v1, 1v3 in 4-agent; 2v6, 6v2 in 8-agent).
Role assignment used GLOBAL agent IDs → wrong roles for non-standard ID sets.
Fix: team-relative role assignment using shared_team_ids.

### More Uploads with Fix
- v182: RealignBoost+fix (pending)
- v183: GentleZone+fix (pending)
- v184: V65TrueReplica+fix (pending)

### 8-Agent Pickup Results (pre-fix AlphaTeamAware vs starter)
| Our agents | Score | Notes |
|-----------|-------|-------|
| 8 | 5.09 | All ours |
| 7 | 3.63 | |
| 6 | 1.68 | Tournament-like (6v2) |
| 4 | 1.46 | Tournament-like (4v4) |
| 2 | 0.06 | Tournament-like (2v6) |
| 1 | 0.00 | BUG: agent became pure scrambler |
Overall VOR: 2.79
