# Session 2026-03-28-110102 Activity Log
status: in-progress

## Plan
1. Check tournament results for recent uploads (v182-v186)
2. Run free-play to understand current policy performance
3. Iterate on improvements based on findings
4. Upload improved versions to tournament

## Activity
- [11:01] Session started. Previous session (100301) interrupted — recovered. Priority: check tournament results, continue improving policy.
- [11:05] All tournament matches (v187/v188/v189 vs v51-v61) still running/scheduled. No completed results yet.
- [11:08] Analyzed policy architecture: AlphaCogAgentPolicy (used by AlphaCyborgPolicy for tournament) was MISSING re-alignment boost and stable budget floors from StableBoost.
- [11:10] Applied 3 key improvements to AlphaCogAgentPolicy:
  1. Re-alignment boost: flip hotspot count to negative (bonus for scrambled junctions)
  2. Lower deposit threshold (12 for miners) for faster economy
  3. Stable budget floors (floor 3 not 2 on economy crisis) to prevent gear oscillation
- [11:12] Running local test to validate changes. PYTHONPATH setup required for cogames.
- [11:20] 5-seed baseline: AlphaCyborg(old)=[4.46,1.38,2.37,0.00,6.40] avg=2.92, StableBoost=[7.20,3.51,1.56,2.26,7.01] avg=4.31
- [11:22] Found key differences: AlphaCog had network_weight=0.5 (StableBoost=0.0) and retreat_margin=20 (StableBoost=15). Fixed both.
- [11:25] Updated AlphaCogAgentPolicy: network_weight=0, retreat_margin=15, full _should_retreat override. Testing...
- [11:30] Updated AlphaCyborg+expansion=15/90: seeds=[6.91,3.06,0.00,0.00,2.58] avg=2.51. Expansion=15 causes wipes!
- [11:35] Reverted expansion to default 10/60. Seeds 3,4 retested: 6.96, 4.10 (was 0.00, 0.00). Huge fix.
- [11:37] Running seeds 1,2,5 with final config. Key changes from old code: network_weight=0, retreat_margin=15, re-alignment boost, stable budgets, lower deposit, expand-toward-junction.
