status: in-progress
started: 2026-03-30-070202

## Plan
- Check current tournament standings and latest match results
- Work on remaining todos: 6a regression fix, threshold tuning, opponent analysis
- Upload improved policies and enter tournament

## Activity
- Reviewed memory, todos, and recent sessions. Current best: v522=15.00 (#1)
- All 20 recent matches (v542-v546) still running — no results yet
- Created 3 new variants:
  - TV192: Even lower 6a thresholds (20/30/60) — more aggressive expansion
  - TV193: Scramble-on-sight idle (always try scramble first, explore fallback)
  - TV194: TV186 + faster 4a (min_res 15 for 2 aligners)
- All 3 pass local 100-step smoke test
- Uploaded TV192 as v548, TV193 as v549, TV194 as v550
- Created 2 more variants:
  - TV195: Adaptive idle scramble (75%/50%/25% based on enemy vs friendly junction count)
  - TV196: Aggressive 2a (always 2 aligners, no economy gate)
- Uploaded TV195 as v551, TV196 as v552
- Running full TV192 local game (5000 steps) in background
- Created 2 more 4a-focused variants:
  - TV197: ultra-fast 4a (min_res 10, step 30, 3a at 60/200) — v553
  - TV198: always 2 aligners in 4a (like 2a approach) — v554
- Total uploads this session: v548-v554 (TV192-TV198)
