# Activity Log

session: 2026-03-29-200453
status: in-progress
started: 2026-03-29T20:04:53Z

## Actions
- Session started. Previous session (2026-03-29-190418) completed normally but left empty active-session.txt.
- Current best: v442 (TV81) = 13.52 avg. v443 (TV82) = 12.82 (chain-value targeting).
- Pending: v449 (TV88) / v450 (TV89) budget fix variants; v447/v448 chain-value expand + light coordination.
- Goal: check tournament results, iterate on winning strategies.
- Tournament results (full data, ~70 matches each):
  - v449 (TV88) = 13.02 overall (BEST!) — budget fix is key: 2v6=11.43, 4v4=13.45, 6v2=14.08
  - v448 (TV87) = 12.94 — light coord: 2v6=10.90, 4v4=13.71, 6v2=14.24
  - v450 (TV89) = 12.88 — kitchen sink: 2v6=11.04, 4v4=13.40, 6v2=14.16
  - v443 (TV82) = 12.86 — chain-value: 2v6=10.88, 4v4=13.49, 6v2=14.30
  - v442 (TV81) = 12.76 — bridge scramble: 2v6=10.78, 4v4=13.46, 6v2=14.05
- Key insight: Budget fix (TV88) is the real winner. 2v6 config (11.43 vs 10.78) is the improvement lever.
- 2v6 still the weakest config (avg ~11). Improving 2-agent side gives biggest overall score boost.
- Strategy: Focus on 2-agent performance. Build on TV88 (v449) as base.
- Created TV90-TV93, all targeting 2-agent (2v6) improvement:
  - TV90: lower aligner threshold min_res >= 7 (vs 14)
  - TV91: reduce heart batch to 2 for 2-agent (vs 3)
  - TV92: TV90 + TV91 combined
  - TV93: earlier aligner (step 100 vs 200) + no scramble in 2-agent
- Uploaded: v451 (TV90), v452 (TV91), v453 (TV92), v454 (TV93) to qualifying.
- All pass local 100-step test.
- KEY INSIGHT: Tournament scores are shared between both teams (game-level metric).
  Both teams ALWAYS get the same score. All current matches are self-play.
  → Scrambling hurts because it reduces total aligned junctions.
  → Best strategy: pure alignment efficiency, zero scramble.
- Created TV94-TV96 (zero-scramble variants):
  - TV94: TV88 + no scramble at all (no idle/stagnation scramble, zero scrambler budget)
  - TV95: TV94 + aggressive 2-agent (min_res >= 7)
  - TV96: TV95 + 3 aligners in 4v4 (instead of 2)
- Uploaded: v455 (TV94), v456 (TV95), v457 (TV96) to qualifying.
- Self-play 5K (baseline AlphaCyborg): junctions peak at 12 (step 1000), oscillate due to scramble.
  Carbon consistently scarcest resource. Resources drain after step 2000.
- Qualifying progress: v451=13.34(1), v452=8.99(1), v453=11.16(2), v454=8.99(1).
  v456=2.05(1) — outlier, need more data. v455/v457 still running.
- Running TV94 (no scramble) 5K self-play for comparison.
- **CRITICAL FINDING: Zero-scramble (TV94/TV95) FAILS qualifying** — scores ~2.5 vs normal ~11.
  Qualifying opponent scrambles our junctions; without scramble back, junctions collapse.
  Scramble defense is essential. No-scramble approach is a dead end.
- v451 (TV90) passed qualifying, entering competition against external opponents.
- v452-v454 all entered competition. First results:
  - v453 (TV92: aggressive 2-agent + reduced batch) — initially looked good, but 2v6 = 5.41!
- **MAJOR FINDING**: Competition results (10-84 matches per version):
  - v451 (TV90): overall=13.87(10) — **BEST** — 2v6=13.02, 4v4=16.29, 6v2=12.60
  - v449 (TV88): overall=12.93(84) — 2v6=11.00, 4v4=13.66, 6v2=14.12
  - v452 (TV91): overall=11.81(15) — 2v6=5.60 ← reduced batch KILLS 2v6
  - v454 (TV93): overall=11.40(15) — 2v6=5.45 ← early aligner KILLS 2v6
  - v453 (TV92): overall=11.00(16) — 2v6=5.41 ← both changes KILL 2v6
- TV90 (min_res >= 7 threshold only) is the ONLY improvement that helps 2v6.
  TV91 (reduced batch) and TV93 (early aligner) are toxic to 2v6.
- v451 still has small sample (10 matches). Need more data to confirm.
- Created and uploaded TV97 (3 aligners 4v4) and TV98 (faster early game) — both based on TV92.
  TV97/TV98 will likely suffer from TV92's 2v6 problem.
- v451 (TV90) now 13.17 (18 matches). 4v4 lead (15.72) is opponent-mix artifact — identical
  scores against same opponents. Real improvement is 2v6: 11.31 vs 11.00.
- Created and uploaded TV90-based variants:
  - v460 (TV99): TV90 + 3 aligners in 4v4
  - v461 (TV100): TV90 + faster stagnation (200 steps)
  - Both still qualifying.
- v458 (TV97) entering competition (20 pending). v459 (TV98) first result: 6.68 (bad, likely 2v6).
