status: in-progress
- Created TV179 (network-aware scramble), TV180 (75% stag + network-aware), TV181 (always-scramble + network-aware)
- Uploaded v535 (TV179 network-aware scramble), v536 (TV181 always-scramble), v537 (TV180 75% stag scramble)
- Tournament snapshot: v519=14.48 (#1, 6m), v512/v511=14.37 (3m), v534=14.27 (3m), v522=14.22 (6m)
- Self-play: TV179=2.14, TV180=0.00-0.31, TV181=0.59 (baseline AlphaCyborg=2.27)
- Self-play is misleading — uploading all three for tournament validation
- Created TV182 (faster early expansion) and TV183 (low scramble threshold + network-aware)
- Uploaded v538 (TV182) and v539 (TV183)
- 5 new variants now in qualifying: v535-v539
- Analyzed match logs: v51(4a) vs v532(4a)=17.71 — highest score because opponent v51 aggressively aligns 20 junctions
- Cooperative scoring insight: the score depends ~50% on opponent quality
- In the highest scoring match, v532 had only 4 friendly junctions but opponent had 20
- This means being a good "teammate" (mining to feed economy) can produce high scores
- v535-v539 all still in qualifying (running)
- Created TV182 (faster early expansion), TV183 (low scramble threshold)
- v538=TV182, v539=TV183 uploaded
- First qualifying results: v535=11.86 (1m), v536=9.73 (2m), v537=9.57 (2m)
- v535 (TV179 network-aware scramble) looking promising
- v536 (always-scramble) and v537 (75% stag) scored lower — consistent with self-play
- Created and uploaded TV184 (v540) — adaptive mining when opponent dominates
- v538-v540 still qualifying
- v535-v539 all qualified, entering competition
- Qualifying scores: v535=9.2, v536=9.7, v537=9.6, v538=11.7 (BEST), v539=9.5
- v538 (TV182 faster early expansion) best qualifying score
- v540 still qualifying
- Competition leaderboard: v525=14.73 (#1), v522=14.61, v519=14.58
- v535-v537 each have 9 running competition matches
- v538/v539 have scheduled competition matches
- First competition results: v536=9.34 avg (2m: 8.2 vs v13, 10.5 vs v11)
- v535-v539 all have 10-12 running competition matches
- v540 still qualifying
- Leaderboard stable: v525=14.73, v522=14.61, v519=14.58
- Competition results in!
  v535 (TV179): avg=12.16 (3m) — network-aware scramble working well
  v536 (TV181): avg=7.30 (9m) — always-scramble TERRIBLE, kills 2a performance
  v537 (TV180): avg=11.91 (8m) — 75% stag + network-aware is competitive!
- v537 best of the 3 network-aware variants. 6a=13.82, 4a=10-13.6, 2a=7.8-12.5
- Key finding: always-scramble (v536) kills cooperative score with weak opponents
- v535/v537 are above goal (>10) but below top 3 (14.5+)
- Results converging: v535=11.74 (9m), v537=11.44 (11m) — network-aware scramble WORSE than baseline
- v536=7.47 (11m) — always-scramble TERRIBLE
- v538=13.20, v539=13.18 (1m each) — promising but need more data
- Created TV185 (v541): pure TV160 + faster early expansion (no network-aware)
- Lesson: network-aware scramble targeting hurts more than helps (longer travel)
- Converged results (13-15 matches each):
  v535=11.38 (TV179 network-aware): below baseline
  v536=7.75 (TV181 always-scramble): terrible
  v537=11.95 (TV180 75% stag): below baseline
  v538=11.29 (TV182 faster early + network-aware): below baseline
  v539=10.67 (TV183 low threshold + network-aware): below baseline
- ALL variants with network-aware scramble scoring 11-12, vs baseline 14.5+
- Key lesson: network-aware scramble targeting HURTS performance
- Waiting for v541 (TV185: pure TV160 + faster ramp, NO network-aware) to confirm
- Top performers (v525, v522, v519) use simple TV142/TV160 behavior
- Detailed comparison: v519(6a)=15.54 vs v535(6a)=11.52 — network-aware drops 6a by 4 points!
- v519(2a)=14.95 vs v537(2a)=10.82 — 2a also hurt badly
- Network-aware targeting causes agents to travel farther, reducing scrambles/game
- The 20.0 alignable_bonus completely overrides distance-based targeting
- Lesson: DISTANCE is the most important factor in scramble targeting
- v541 (pure TV160 + faster ramp) will confirm if the targeting was the sole issue
- v541 (TV185: pure TV160 + faster ramp) qualified with 12.96/12.17 = 12.57 avg!
- Much better than network-aware variants (v535=9.15, v538=11.72 qualifying)
- Confirms: network-aware targeting was the problem, not faster early ramp
- v540 (TV184, adaptive mining + network-aware) = 11.33 (16m) — also hurt by targeting
- v541 entering competition — waiting for results
- Leaderboard: v525=14.73, v522=14.61, v519=14.58, v533=14.14
- v541 first comp result: 12.50 (6a vs v11) — better than network-aware (11.0-11.5) but below v519 (14.62)
- Only 1 match — need more data to determine if faster early ramp helps or hurts
- Leaderboard stable: top 3 unchanged at v525=14.76, v522=14.74, v519=14.62
- v541 LOOKING GOOD: avg=13.91 (4m), 4a=15.37, 2a=13.88, 6a=12.50
- v541(4a)=15.37 beats v519(4a)=13.26!
- Faster early expansion + pure TV160 idle = competitive with top performers
- 41 matches still running
