# Activity Log: 2026-03-27-161020

status: in-progress

## Session Start
- Previous session: v51/v54, best single 6.00, avg ~2.63
- Tournament best: v38 at #4 (1.76)
- Goal: achieve score > 10
- Key insight from last session: emergency mining wastes ~50% of aligner time
- Todos: fix 0-score wipeouts, try zone assignment, test more miners early

## Key Discovery: Ship Mechanics
- Ships are STATIC at map corners (4 ships, ~43 tiles from hub)
- Ships scramble 1 junction/70 ticks AND align 1 neutral/70 ticks
- Ship frontier expands via junction chaining (15 tile range)
- Ships CANNOT be destroyed, only their expansion can be slowed

## v57 Changes: ship danger decay, frontier explore, miner offsets
Test Results (3 seeds): 2.06, 3.56, 2.05 → Avg 2.56
- Patrol still dominates: 7779-9412 steps (60%+ of aligner time)
- Align only 4054-5848 steps

## v58 Changes: reduce patrol, add corner penalty
Results: 2.58, 2.59, 1.44 → Avg 2.20 (WORSE)
- Corner penalty harmful (reduced alignment targets)
- Patrol reduced but deaths increased (11 on seed=456)

## v59: revert corner penalty
Results: 1.27, 2.00, 1.54 → Avg 1.60 (WORSE)
- Ship decay 400 too long (too many junctions marked dangerous)

## v60: idle mining, ship decay 150, revert patrol
Results: 1.49, 2.35, 3.18 → Avg 2.34
- Idle mining barely triggered (patrol always has candidates)

## v61: reduce ship penalty 100→25, patrol checks danger zones
- Danger zone junctions now viable alignment targets (not banned)
- Patrol PRIORITIZES danger zone junctions (most likely scrambled)
- Testing...

## Key Bottleneck Analysis
| Version | Avg Score | Avg Alignments | Key Change |
|---------|-----------|----------------|------------|
| v57     | 2.56      | 107            | ship decay + miner offsets |
| v58     | 2.20      | 93             | + corner penalty (bad) |
| v59     | 1.60      | 92             | + ship decay 400 (bad) |
| v60     | 2.34      | 101            | idle mining (no effect) |
| v61     | TBD       | TBD            | reduced ship penalty |

Core issue: patrol=60%+ of aligner time, alignments limited to ~100-163/5000 steps
