# Session 2026-03-28-140609 Activity Log
status: in-progress

## Plan
1. Check tournament results — how did v201-v207 and v202 (v65 replica) perform?
2. Study v65 match logs to understand what it does differently
3. Focus on economy-first budgets (from last session's discovery)
4. Test locally with variable team sizes (4v4, 2v6) — not just 8v8
5. Upload improved policy, target >3.59 tournament score
6. Goal: beat v65, push toward >10

## Activity
- [14:06] Session started. Previous session (130457) was interrupted — recovered.
- [14:06] From last session: economy-first budgets fix 4-agent PvP economy collapse.
  Pickup test with fix: episode 1 = 20 friendly junctions (WIN), ep 2-3 lost (germanium).
  v207 (buggy station) = 1.89 → confirms station fix NOT the v65 gap.
  v216 (vanilla base, no overrides) uploaded as control test.
- [14:08] Key findings so far:
  - v65 advantage is NOT: team roles, idle-mine, targeting, retreat margin, station fix
  - ALL new versions (v201-v214) converge to 1.9-2.3 range
  - v65 at 3.59 with 516 matches is untouchable with current code
  - v216 (vanilla base) will reveal if ALL customizations are harmful
