status: completed
started: 2026-03-29-040530

## RESULT: v348 TournamentV2 = #1 on leaderboard at 7.46 (72 matches)
- Beats previous #1 v290 (6.50) by ~1 point
- Trajectory: 6.81→7.09→7.40→7.53→7.46 (stabilizing)
- Architecture: AdaptiveV3 base + team-size cap + idle scramble at min_res>=14

## Final Tournament Results
| Policy | Version | Score | Matches | Rank |
|---|---|---|---|---|
| **TournamentV2** | **v348** | **7.46** | **72** | **#1** |
| (old) Aggressive | v290 | 6.50 | 79 | #2 |
| AdaptiveV4 | v349 | 5.75 | 71 | #4 |
| AdaptiveV3 | v347 | 5.54 | 72 | #6 |
| Aggressive | v345 | 3.25 | 46 | #21 |
| V3 TournamentOpt | v346 | 3.26 | 42 | #20 |
| AdaptiveTeam | v344 | 2.48 | 45 | #94 |
| AdaptiveV5 (no scramble) | v350 | 2.18 | 69 | #190 |

## All Uploads: v344-v352 (9 versions)
- v344: AdaptiveTeam, v345: Aggressive, v346: V3-TournamentOpt
- v347: AdaptiveV3, v348: TournamentV2 (#1!)
- v349: AdaptiveV4, v350: AdaptiveV5 (no scramble)
- v351: TournamentV3 (more scramble), v352: TournamentV4 (V4+cap+scramble)
- v351/v352 still qualifying at session end
