status: in-progress

## Actions
- Session started. Previous session (2026-03-30-211500) was interrupted — closed it out.
- Context: v716=15.05 is current #1. Goal >10 achieved. Last session uploaded v826-v832 (TV440-TV446) with aligner floor and kitchen sink fixes. Waiting for results.
- Analyzed competition results for v831 (TV445) and v832 (TV446):
  - v831 avg ~6.1 vs opponents, v832 avg ~8.0 — both much worse than v716 (15.05)
  - Root cause: TV440-446 were built on TV436 base, not TV350 base
  - TV436's 2-agent economy changes likely hurt common 6v2 and 4v4 scenarios
- Downloaded and analyzed match logs:
  - Death spiral pattern: peak ~10 junctions at step 800, then collapse to 1 by step 5000
  - Trigger: when min_res < 10, budget drops to 1 aligner → can't keep pace with enemy
  - Budget function `_tv334_pressure_budgets` drops to 1 aligner too aggressively
- Plan: Create TV447 — TV350 base + aligner floor (min 3 aligners for 6+ agents during economy dips)
- Created TV447 (floor 2), TV448 (floor 3), TV449 (floor 3 + stag scramble)
- Bug fix: floor was applying at step 1, draining initial hub resources → agents die immediately
  - Fix: only apply floor after step 100 (economy bootstrap)
- Local test results (2000 steps):
  - TV350: 8a=2.31, 6a=1.26 (baseline)
  - TV448: 8a=1.63, 6a=1.82 (+44% in 6a!)
  - TV449: 8a=1.69
  - TV447: 8a=0.00 (bad seed or remaining bug)
- 6-agent test is what matters for competition (6v2 format common)
- Upstream already has TV447 (crisis recovery), TV448 (floor 2), TV449 (crisis+floor 2) as v833-v835
- Created TV450 (floor 3 + early-game protection) and TV451 (crisis + floor 3) on top
- Local test TV450: 6a=1.70 (+35% vs TV350), 8a=1.20
- Uploaded to tournament:
  - v837 = TV450 (TV350 + floor 3)
  - v838 = TV451 (TV447 crisis + floor 3)
  - v839 = TV448 (TV350 + floor 2, upstream version)
