# Activity Log

session: 2026-03-29-181500
status: in-progress
started: 2026-03-29T18:08:13Z

## Actions
- Session started. Current #1 at 12.83 (TV61/v422). Goal: push higher with novel strategies.
- Analyzed TV61 baseline: 25% productive, 35% overhead (retreat/heal), 20% searching. Only 18/47 junctions aligned in self-play.
- Key insight: frontier=0 for most of game = no reachable junctions. Agents waste time on expand_toward_junction.
- Created TV76: chain-value targeting (transitive expansion scoring) + smarter expand-toward (pick bridge junctions)
- Created TV77: TV76 + adaptive scramble ratio (90%/80%/60% based on junction ratio vs peak)
- Created TV78: TV61 + chain-value expand-toward only (conservative: proven targeting, novel expand)
- All three variants pass local 100-step tests.
- Self-play results: TV76=1.99, TV78=1.18, TV61 baseline=2.16 (self-play poorly predicts tournament)
- Uploaded: v437 (TV76), v438 (TV77), v439 (TV78) to qualifying pool
- TV76 has chain-value targeting + smarter expand
- TV77 has TV76 + adaptive scramble ratio (90/80/60% based on junction health)
- TV78 is conservative: TV61 targeting + chain-value expand only
- Created TV79: bridge-aware scramble targeting (bonus for scrambling enemy junctions that unlock unreachable neutrals)
- Created TV80: dynamic stagnation exit (reduce scramble %, increase explore when junctions lost below 80% of peak)
- Both pass 100-step tests
- TV79 scored 3.33 in self-play (best so far, vs TV61=2.16) — bridge-aware scramble targeting is promising
- Created TV81: TV79 (bridge scramble) + TV70 (2-agent improvement) combined
- Competition matches now using v56/v57 as baseline (auto-promoted versions)
- Asymmetric agent counts in competition (6 vs 2) — 2-agent performance matters
- Qualifying results: v437 (TV76)=14.11, v438 (TV77)=9.91, v439 (TV78)=14.11
- Competition: v437 scored 13.02 in 6v2 vs v13 (1 match completed so far)
- Reference: v422 (TV61) competition scores: 14.65 (4v4), 12.24 (6v2), 14.97 (2v6)
- Uploaded v442 (TV81: TV79 bridge scramble + TV70 2-agent improvement)
- All variants now in competition pipeline. Waiting for more results.
