# Activity Log: 2026-03-27-151427

status: in-progress

## Session Start
- Previous session: v51, avg score ~2.06 (5 aligners staggered)
- Tournament best: v38 at #4 (1.76)
- Goal: achieve score > 10

## Earlier Progress (from interrupted session continuation)
- 5x batch (v51): 3.74, 2.45, 0.59, 3.02, 3.33 = avg 2.63
- Tightened aligner explore to ring 2 max (22 from hub, removed ring 3)
- 5x batch (v54): 1.30, 1.43, 2.10, **6.00**, 0.74 = avg 2.31
  - **BEST SINGLE: 6.00 on seed 1337!**
- v55 uploaded (same as v54 config)

## Key Improvements (v48→v55)
- Fixed num_agents bug: was 0-2, now defaults to 8
- Step-based pressure: 2 aligners first 30 steps, then 5
- Station retry: step off and retry instead of waiting forever
- Tighter aligner explore: max ring 2 at 22 from hub
- Hub proximity bias: 3x penalty >30 from hub
- Heart batch 3/4 (was 2/3)
- Removed scramblers to maximize alignment

## Deep Analysis (this continuation)

### Game Mechanics
- Score = (junctions_in_network - 1) per tick, normalized by max_steps
- Need 11+ connected junctions for score >10
- 65 junctions on 88x88 map, ~16 within hub alignment range (25 tiles)
- Clips: 4 ships, scramble 1/70 steps each, also ALIGN neutral junctions
- Junctions must form CONNECTED network to count

### Experiments
- 1/3/5 ramp: worse than 2/5 ramp (reverted)
- Aggressive patrol (50 ticks): hurt best case 6.00→4.05 (reverted)
- User updated explore offsets to 10/18/25 rings (hub boundary)
- v56 uploaded with 2/5 ramp + user's explore offsets
- Running final 5x batch test

### Status
- Best avg: 2.63 (5x batch with v51 config)
- Best single: 6.00 (seed 1337 with tight explore)
- Map variance is the dominant factor
- Still need >4x improvement to reach goal of >10
