status: in-progress
started: 2026-03-30T13:15:52Z
plan: Continue from v632 (#1 at 15.17). Try lower 7a threshold, 3-tier stagnation on TV272, study opponents.

13:20 — Created TV277-TV280, uploaded as v637-v640
  TV277 (v637): TV272 + lower 7a threshold (min_res >= 100 instead of 150)
  TV278 (v638): TV272 + 3-tier stagnation (2a/4a/6a+ differentiation)
  TV279 (v639): TV277 + TV278 combo (lower 7a + 3-tier stag)
  TV280 (v640): TV272 + earlier aligner ramp (step 10 instead of 15)

13:30 — Created TV281-TV283, uploaded as v641-v643
  TV281 (v641): TV272 + split stag response (even agents scramble, odd mine)
  TV282 (v642): TV272 + wider stag scramble windows (200/150 instead of 150/100/50)
  TV283 (v643): TV282 + lower 7a (100) + earlier ramp (step 10) — kitchen sink

13:38 — Created TV284-TV285, uploaded as v644-v645
  TV284 (v644): TV264 + capped 6 aligners (always keep 2 miners), lower threshold (50)
  TV285 (v645): TV272 + faster peak decay (300 steps instead of 500)

13:43 — Created TV286-TV287, uploaded as v646-v647
  TV286 (v646): TV272 + rush 3 aligners from step 0 (no early ramp delay)
  TV287 (v647): TV278 (3-tier stag) + lower 7a (100) + faster decay (300) combo

13:48 — Waiting for match results. All matches still running.
  Analyzed TV272 local 1000-step: min_res oscillates 100-200, 7a threshold matters.
  TV277 2000-step local: bad map, all agents died early (map-dependent issue).
  Investigated alignment targeting — already well-optimized via expansion scoring.

13:50 — LEADERBOARD CHECK — Major findings!
  v641 (TV281) = 15.21 (#1, 2m) — split stag response is the winner!
  v632 (TV272) = 14.85 (#2, 30m) — previous best, stabilized
  v637 (TV277) = 14.64 (#6, 5m) — lower 7a decent
  v639 (TV279) = 14.51 (#11, 30m) — lower 7a + 3-tier stag
  v640 (TV280) = 14.17 (#30, 9m) — earlier ramp, not great
  v638 (TV278) = 14.11 (#34, 7m) — 3-tier stag alone, mediocre
  v642 (TV282) = 13.88 (#47, 1m) — wider stag, BAD trend
  v645 (TV285) = 13.00 (#134, 3m) — faster decay, BAD
  v643 (TV283) = 10.25 (#202, 4m) — kitchen sink combo, TERRIBLE
  INSIGHT: Split stag (odd mine, even scramble) = best innovation
  INSIGHT: Wider stag windows and faster decay HARMFUL
  INSIGHT: Lower 7a threshold helps modestly
